0 verbose cli C:\Program Files\nodejs\node.exe C:\Program Files\nodejs\node_modules\npm\bin\npm-cli.js
1 info using npm@10.9.3
2 info using node@v22.20.0
3 silly config load:file:C:\Program Files\nodejs\node_modules\npm\npmrc
4 silly config load:file:D:\Work\WEBSITE\gsp\.npmrc
5 silly config load:file:C:\Users\chris\.npmrc
6 silly config load:file:C:\Users\chris\AppData\Roaming\npm\etc\npmrc
7 verbose title npm install
8 verbose argv "install" "--no-fund" "--no-audit"
9 verbose logfile logs-max:10 dir:D:\Work\WEBSITE\gsp\%LOCALAPPDATA%\npm-cache\_logs\2026-07-17T15_05_10_484Z-
10 verbose logfile D:\Work\WEBSITE\gsp\%LOCALAPPDATA%\npm-cache\_logs\2026-07-17T15_05_10_484Z-debug-0.log
11 silly logfile done cleaning log files
12 silly packumentCache heap:4345298944 maxSize:1086324736 maxEntrySize:543162368
13 silly idealTree buildDeps
14 silly fetch manifest gsap@^3.12.5
15 silly packumentCache full:https://registry.npmjs.org/gsap cache-miss
16 http fetch GET 200 https://registry.npmjs.org/gsap 420ms (cache miss)
17 silly packumentCache full:https://registry.npmjs.org/gsap set size:undefined disposed:false
18 silly fetch manifest next@^14.2.15
19 silly packumentCache full:https://registry.npmjs.org/next cache-miss
20 http fetch GET 200 https://registry.npmjs.org/npm 1170ms
21 http fetch GET 200 https://registry.npmjs.org/next 3695ms (cache miss)
22 silly packumentCache full:https://registry.npmjs.org/next set size:undefined disposed:false
23 silly fetch manifest @opentelemetry/api@^1.1.0
24 silly packumentCache full:https://registry.npmjs.org/@opentelemetry%2fapi cache-miss
25 http fetch GET 200 https://registry.npmjs.org/@opentelemetry%2fapi 314ms (cache miss)
26 silly packumentCache full:https://registry.npmjs.org/@opentelemetry%2fapi set size:undefined disposed:false
27 silly fetch manifest @playwright/test@^1.41.2
28 silly packumentCache full:https://registry.npmjs.org/@playwright%2ftest cache-miss
29 http fetch GET 200 https://registry.npmjs.org/@playwright%2ftest 2676ms (cache miss)
30 silly packumentCache full:https://registry.npmjs.org/@playwright%2ftest set size:undefined disposed:false
31 silly fetch manifest react@^18.3.1
32 silly packumentCache full:https://registry.npmjs.org/react cache-miss
33 http fetch GET 200 https://registry.npmjs.org/react 3960ms (cache miss)
34 silly packumentCache full:https://registry.npmjs.org/react set size:undefined disposed:false
35 silly fetch manifest react-dom@^18.3.1
36 silly packumentCache full:https://registry.npmjs.org/react-dom cache-miss
37 http fetch GET 200 https://registry.npmjs.org/react-dom 2235ms (cache miss)
38 silly packumentCache full:https://registry.npmjs.org/react-dom set size:undefined disposed:false
39 silly fetch manifest sass@^1.3.0
40 silly packumentCache full:https://registry.npmjs.org/sass cache-miss
41 http fetch GET 200 https://registry.npmjs.org/sass 597ms (cache miss)
42 silly packumentCache full:https://registry.npmjs.org/sass set size:undefined disposed:false
43 silly fetch manifest @types/node@^20.14.0
44 silly packumentCache full:https://registry.npmjs.org/@types%2fnode cache-miss
45 http fetch GET 200 https://registry.npmjs.org/@types%2fnode 2224ms (cache miss)
46 silly packumentCache full:https://registry.npmjs.org/@types%2fnode set size:undefined disposed:false
47 silly fetch manifest @types/react@^18.3.3
48 silly packumentCache full:https://registry.npmjs.org/@types%2freact cache-miss
49 http fetch GET 200 https://registry.npmjs.org/@types%2freact 1322ms (cache miss)
50 silly packumentCache full:https://registry.npmjs.org/@types%2freact set size:undefined disposed:false
51 silly fetch manifest @types/react-dom@^18.3.0
52 silly packumentCache full:https://registry.npmjs.org/@types%2freact-dom cache-miss
53 http fetch GET 200 https://registry.npmjs.org/@types%2freact-dom 473ms (cache miss)
54 silly packumentCache full:https://registry.npmjs.org/@types%2freact-dom set size:undefined disposed:false
55 silly fetch manifest autoprefixer@^10.4.19
56 silly packumentCache full:https://registry.npmjs.org/autoprefixer cache-miss
57 http fetch GET 200 https://registry.npmjs.org/autoprefixer 583ms (cache miss)
58 silly packumentCache full:https://registry.npmjs.org/autoprefixer set size:undefined disposed:false
59 silly fetch manifest postcss@^8.4.38
60 silly packumentCache full:https://registry.npmjs.org/postcss cache-miss
61 http fetch GET 200 https://registry.npmjs.org/postcss 303ms (cache miss)
62 silly packumentCache full:https://registry.npmjs.org/postcss set size:undefined disposed:false
63 silly fetch manifest tailwindcss@^3.4.4
64 silly packumentCache full:https://registry.npmjs.org/tailwindcss cache-miss
65 http fetch GET 200 https://registry.npmjs.org/tailwindcss 4214ms (cache miss)
66 silly packumentCache full:https://registry.npmjs.org/tailwindcss set size:undefined disposed:false
67 silly fetch manifest typescript@^5.5.2
68 silly packumentCache full:https://registry.npmjs.org/typescript cache-miss
69 http fetch GET 200 https://registry.npmjs.org/typescript 4749ms (cache miss)
70 silly packumentCache full:https://registry.npmjs.org/typescript set size:undefined disposed:false
71 silly placeDep ROOT @types/node@20.19.43 OK for: gsp-company-profile@0.1.0 want: ^20.14.0
72 silly placeDep ROOT @types/react@18.3.31 OK for: gsp-company-profile@0.1.0 want: ^18.3.3
73 silly placeDep ROOT @types/react-dom@18.3.7 OK for: gsp-company-profile@0.1.0 want: ^18.3.0
74 silly placeDep ROOT autoprefixer@10.5.4 OK for: gsp-company-profile@0.1.0 want: ^10.4.19
75 silly placeDep ROOT postcss@8.5.19 OK for: autoprefixer@10.5.4 want: ^8.1.0
76 silly placeDep ROOT gsap@3.15.0 OK for: gsp-company-profile@0.1.0 want: ^3.12.5
77 silly placeDep ROOT next@14.2.35 OK for: gsp-company-profile@0.1.0 want: ^14.2.15
78 silly placeDep ROOT react@18.3.1 OK for: next@14.2.35 want: ^18.2.0
79 silly placeDep ROOT react-dom@18.3.1 OK for: next@14.2.35 want: ^18.2.0
80 silly placeDep ROOT tailwindcss@3.4.19 OK for: gsp-company-profile@0.1.0 want: ^3.4.4
81 silly placeDep ROOT typescript@5.9.3 OK for: gsp-company-profile@0.1.0 want: ^5.5.2
82 silly fetch manifest undici-types@~6.21.0
83 silly packumentCache full:https://registry.npmjs.org/undici-types cache-miss
84 silly fetch manifest csstype@^3.2.2
85 silly packumentCache full:https://registry.npmjs.org/csstype cache-miss
86 silly fetch manifest @types/prop-types@*
87 silly packumentCache full:https://registry.npmjs.org/@types%2fprop-types cache-miss
88 silly fetch manifest picocolors@^1.1.1
89 silly packumentCache full:https://registry.npmjs.org/picocolors cache-miss
90 silly fetch manifest fraction.js@^5.3.4
91 silly packumentCache full:https://registry.npmjs.org/fraction.js cache-miss
92 silly fetch manifest browserslist@^4.28.6
93 silly packumentCache full:https://registry.npmjs.org/browserslist cache-miss
94 silly fetch manifest caniuse-lite@^1.0.30001806
95 silly packumentCache full:https://registry.npmjs.org/caniuse-lite cache-miss
96 http fetch GET 200 https://registry.npmjs.org/csstype 766ms (cache miss)
97 silly packumentCache full:https://registry.npmjs.org/csstype set size:undefined disposed:false
98 silly fetch manifest postcss-value-parser@^4.2.0
99 silly packumentCache full:https://registry.npmjs.org/postcss-value-parser cache-miss
100 http fetch GET 200 https://registry.npmjs.org/picocolors 1442ms (cache miss)
101 silly packumentCache full:https://registry.npmjs.org/picocolors set size:undefined disposed:false
102 silly fetch manifest nanoid@^3.3.12
103 silly packumentCache full:https://registry.npmjs.org/nanoid cache-miss
104 http fetch GET 200 https://registry.npmjs.org/@types%2fprop-types 1453ms (cache miss)
105 silly packumentCache full:https://registry.npmjs.org/@types%2fprop-types set size:undefined disposed:false
106 silly fetch manifest source-map-js@^1.2.1
107 silly packumentCache full:https://registry.npmjs.org/source-map-js cache-miss
108 http fetch GET 200 https://registry.npmjs.org/fraction.js 1458ms (cache miss)
109 silly packumentCache full:https://registry.npmjs.org/fraction.js set size:undefined disposed:false
110 silly fetch manifest busboy@1.6.0
111 silly packumentCache full:https://registry.npmjs.org/busboy cache-miss
112 http fetch GET 200 https://registry.npmjs.org/postcss-value-parser 699ms (cache miss)
113 silly packumentCache full:https://registry.npmjs.org/postcss-value-parser set size:undefined disposed:false
114 silly fetch manifest postcss@8.4.31
115 silly packumentCache full:https://registry.npmjs.org/postcss cache-miss
116 http cache https://registry.npmjs.org/postcss 21ms (cache hit)
117 silly packumentCache full:https://registry.npmjs.org/postcss set size:736604 disposed:false
118 silly fetch manifest @next/env@14.2.35
119 silly packumentCache full:https://registry.npmjs.org/@next%2fenv cache-miss
120 http fetch GET 200 https://registry.npmjs.org/undici-types 1710ms (cache miss)
121 silly packumentCache full:https://registry.npmjs.org/undici-types set size:undefined disposed:false
122 silly fetch manifest styled-jsx@5.1.1
123 silly packumentCache full:https://registry.npmjs.org/styled-jsx cache-miss
124 http fetch GET 200 https://registry.npmjs.org/browserslist 1724ms (cache miss)
125 silly packumentCache full:https://registry.npmjs.org/browserslist set size:undefined disposed:false
126 silly fetch manifest graceful-fs@^4.2.11
127 silly packumentCache full:https://registry.npmjs.org/graceful-fs cache-miss
128 http fetch GET 200 https://registry.npmjs.org/source-map-js 284ms (cache miss)
129 silly packumentCache full:https://registry.npmjs.org/source-map-js set size:undefined disposed:false
130 silly fetch manifest @swc/helpers@0.5.5
131 silly packumentCache full:https://registry.npmjs.org/@swc%2fhelpers cache-miss
132 http fetch GET 200 https://registry.npmjs.org/busboy 289ms (cache miss)
133 silly packumentCache full:https://registry.npmjs.org/busboy set size:undefined disposed:false
134 silly fetch manifest caniuse-lite@^1.0.30001579
135 silly packumentCache full:https://registry.npmjs.org/caniuse-lite cache-miss
136 http fetch GET 200 https://registry.npmjs.org/graceful-fs 279ms (cache miss)
137 silly packumentCache full:https://registry.npmjs.org/graceful-fs set size:undefined disposed:false
138 silly fetch manifest @next/swc-darwin-x64@14.2.33
139 silly packumentCache full:https://registry.npmjs.org/@next%2fswc-darwin-x64 cache-miss
140 http fetch GET 200 https://registry.npmjs.org/nanoid 850ms (cache miss)
141 silly packumentCache full:https://registry.npmjs.org/nanoid set size:undefined disposed:false
142 silly fetch manifest @next/swc-darwin-arm64@14.2.33
143 silly packumentCache full:https://registry.npmjs.org/@next%2fswc-darwin-arm64 cache-miss
144 http fetch GET 200 https://registry.npmjs.org/@swc%2fhelpers 713ms (cache miss)
145 silly packumentCache full:https://registry.npmjs.org/@swc%2fhelpers set size:undefined disposed:false
146 silly fetch manifest @next/swc-linux-x64-gnu@14.2.33
147 silly packumentCache full:https://registry.npmjs.org/@next%2fswc-linux-x64-gnu cache-miss
148 http fetch GET 200 https://registry.npmjs.org/styled-jsx 1056ms (cache miss)
149 silly packumentCache full:https://registry.npmjs.org/styled-jsx set size:undefined disposed:false
150 silly fetch manifest @next/swc-linux-x64-musl@14.2.33
151 silly packumentCache full:https://registry.npmjs.org/@next%2fswc-linux-x64-musl cache-miss
152 http fetch GET 200 https://registry.npmjs.org/@next%2fenv 4613ms (cache miss)
153 silly packumentCache full:https://registry.npmjs.org/@next%2fenv set size:undefined disposed:false
154 silly fetch manifest @next/swc-win32-x64-msvc@14.2.33
155 silly packumentCache full:https://registry.npmjs.org/@next%2fswc-win32-x64-msvc cache-miss
156 http fetch GET 200 https://registry.npmjs.org/caniuse-lite 6384ms (cache miss)
157 silly packumentCache full:https://registry.npmjs.org/caniuse-lite set size:undefined disposed:false
158 silly fetch manifest @next/swc-linux-arm64-gnu@14.2.33
159 silly packumentCache full:https://registry.npmjs.org/@next%2fswc-linux-arm64-gnu cache-miss
160 http fetch GET 200 https://registry.npmjs.org/@next%2fswc-darwin-x64 4716ms (cache miss)
161 silly packumentCache full:https://registry.npmjs.org/@next%2fswc-darwin-x64 set size:undefined disposed:false
162 silly fetch manifest @next/swc-win32-ia32-msvc@14.2.33
163 silly packumentCache full:https://registry.npmjs.org/@next%2fswc-win32-ia32-msvc cache-miss
164 http fetch GET 200 https://registry.npmjs.org/@next%2fswc-linux-x64-musl 5824ms (cache miss)
165 silly packumentCache full:https://registry.npmjs.org/@next%2fswc-linux-x64-musl set size:undefined disposed:false
166 silly fetch manifest @next/swc-linux-arm64-musl@14.2.33
167 silly packumentCache full:https://registry.npmjs.org/@next%2fswc-linux-arm64-musl cache-miss
168 http fetch GET 200 https://registry.npmjs.org/@next%2fswc-darwin-arm64 7863ms (cache miss)
169 silly packumentCache full:https://registry.npmjs.org/@next%2fswc-darwin-arm64 set size:undefined disposed:false
170 silly fetch manifest @next/swc-win32-arm64-msvc@14.2.33
171 silly packumentCache full:https://registry.npmjs.org/@next%2fswc-win32-arm64-msvc cache-miss
172 http fetch GET 200 https://registry.npmjs.org/@next%2fswc-win32-x64-msvc 4116ms (cache miss)
173 silly packumentCache full:https://registry.npmjs.org/@next%2fswc-win32-x64-msvc set size:undefined disposed:false
174 silly fetch manifest scheduler@^0.23.2
175 silly packumentCache full:https://registry.npmjs.org/scheduler cache-miss
176 http fetch GET 200 https://registry.npmjs.org/@next%2fswc-linux-x64-gnu 8536ms (cache miss)
177 silly packumentCache full:https://registry.npmjs.org/@next%2fswc-linux-x64-gnu set size:undefined disposed:false
178 silly fetch manifest loose-envify@^1.1.0
179 silly packumentCache full:https://registry.npmjs.org/loose-envify cache-miss
180 http fetch GET 200 https://registry.npmjs.org/loose-envify 281ms (cache miss)
181 silly packumentCache full:https://registry.npmjs.org/loose-envify set size:undefined disposed:false
182 silly fetch manifest arg@^5.0.2
183 silly packumentCache full:https://registry.npmjs.org/arg cache-miss
184 http fetch GET 200 https://registry.npmjs.org/@next%2fswc-win32-ia32-msvc 4560ms (cache miss)
185 silly packumentCache full:https://registry.npmjs.org/@next%2fswc-win32-ia32-msvc set size:undefined disposed:false
186 silly fetch manifest dlv@^1.1.3
187 silly packumentCache full:https://registry.npmjs.org/dlv cache-miss
188 http fetch GET 200 https://registry.npmjs.org/arg 338ms (cache miss)
189 silly packumentCache full:https://registry.npmjs.org/arg set size:undefined disposed:false
190 silly fetch manifest jiti@^1.21.7
191 silly packumentCache full:https://registry.npmjs.org/jiti cache-miss
192 http fetch GET 200 https://registry.npmjs.org/dlv 265ms (cache miss)
193 silly packumentCache full:https://registry.npmjs.org/dlv set size:undefined disposed:false
194 silly fetch manifest is-glob@^4.0.3
195 silly packumentCache full:https://registry.npmjs.org/is-glob cache-miss
196 http fetch GET 200 https://registry.npmjs.org/is-glob 225ms (cache miss)
197 silly packumentCache full:https://registry.npmjs.org/is-glob set size:undefined disposed:false
198 silly fetch manifest resolve@^1.22.8
199 silly packumentCache full:https://registry.npmjs.org/resolve cache-miss
200 http fetch GET 200 https://registry.npmjs.org/jiti 532ms (cache miss)
201 silly packumentCache full:https://registry.npmjs.org/jiti set size:undefined disposed:false
202 silly fetch manifest sucrase@^3.35.0
203 silly packumentCache full:https://registry.npmjs.org/sucrase cache-miss
204 http fetch GET 200 https://registry.npmjs.org/@next%2fswc-linux-arm64-musl 3558ms (cache miss)
205 silly packumentCache full:https://registry.npmjs.org/@next%2fswc-linux-arm64-musl set size:undefined disposed:false
206 silly fetch manifest chokidar@^3.6.0
207 silly packumentCache full:https://registry.npmjs.org/chokidar cache-miss
208 http fetch GET 200 https://registry.npmjs.org/resolve 356ms (cache miss)
209 silly packumentCache full:https://registry.npmjs.org/resolve set size:undefined disposed:false
210 silly fetch manifest fast-glob@^3.3.2
211 silly packumentCache full:https://registry.npmjs.org/fast-glob cache-miss
212 http fetch GET 200 https://registry.npmjs.org/chokidar 932ms (cache miss)
213 silly packumentCache full:https://registry.npmjs.org/chokidar set size:undefined disposed:false
214 silly fetch manifest lilconfig@^3.1.3
215 silly packumentCache full:https://registry.npmjs.org/lilconfig cache-miss
216 http fetch GET 200 https://registry.npmjs.org/sucrase 1006ms (cache miss)
217 silly packumentCache full:https://registry.npmjs.org/sucrase set size:undefined disposed:false
218 silly fetch manifest didyoumean@^1.2.2
219 silly packumentCache full:https://registry.npmjs.org/didyoumean cache-miss
220 http fetch GET 200 https://registry.npmjs.org/lilconfig 126ms (cache miss)
221 silly packumentCache full:https://registry.npmjs.org/lilconfig set size:undefined disposed:false
222 silly fetch manifest micromatch@^4.0.8
223 silly packumentCache full:https://registry.npmjs.org/micromatch cache-miss
224 http fetch GET 200 https://registry.npmjs.org/didyoumean 100ms (cache miss)
225 silly packumentCache full:https://registry.npmjs.org/didyoumean set size:undefined disposed:false
226 silly fetch manifest postcss-js@^4.0.1
227 silly packumentCache full:https://registry.npmjs.org/postcss-js cache-miss
228 http fetch GET 200 https://registry.npmjs.org/caniuse-lite 12211ms (cache miss)
229 silly packumentCache full:https://registry.npmjs.org/caniuse-lite set size:undefined disposed:false
230 silly fetch manifest glob-parent@^6.0.2
231 silly packumentCache full:https://registry.npmjs.org/glob-parent cache-miss
232 http fetch GET 200 https://registry.npmjs.org/micromatch 701ms (cache miss)
233 silly packumentCache full:https://registry.npmjs.org/micromatch set size:undefined disposed:false
234 silly fetch manifest object-hash@^3.0.0
235 silly packumentCache full:https://registry.npmjs.org/object-hash cache-miss
236 http fetch GET 200 https://registry.npmjs.org/postcss-js 693ms (cache miss)
237 silly packumentCache full:https://registry.npmjs.org/postcss-js set size:undefined disposed:false
238 silly fetch manifest normalize-path@^3.0.0
239 silly packumentCache full:https://registry.npmjs.org/normalize-path cache-miss
240 http fetch GET 200 https://registry.npmjs.org/fast-glob 1759ms (cache miss)
241 silly packumentCache full:https://registry.npmjs.org/fast-glob set size:undefined disposed:false
242 silly fetch manifest postcss-import@^15.1.0
243 silly packumentCache full:https://registry.npmjs.org/postcss-import cache-miss
244 http fetch GET 200 https://registry.npmjs.org/scheduler 3738ms (cache miss)
245 silly packumentCache full:https://registry.npmjs.org/scheduler set size:undefined disposed:false
246 silly fetch manifest postcss-nested@^6.2.0
247 silly packumentCache full:https://registry.npmjs.org/postcss-nested cache-miss
248 http fetch GET 200 https://registry.npmjs.org/glob-parent 188ms (cache miss)
249 silly packumentCache full:https://registry.npmjs.org/glob-parent set size:undefined disposed:false
250 silly fetch manifest @alloc/quick-lru@^5.2.0
251 silly packumentCache full:https://registry.npmjs.org/@alloc%2fquick-lru cache-miss
252 http fetch GET 200 https://registry.npmjs.org/normalize-path 152ms (cache miss)
253 silly packumentCache full:https://registry.npmjs.org/normalize-path set size:undefined disposed:false
254 silly fetch manifest postcss-load-config@^4.0.2 || ^5.0 || ^6.0
255 silly packumentCache full:https://registry.npmjs.org/postcss-load-config cache-miss
256 http fetch GET 200 https://registry.npmjs.org/object-hash 160ms (cache miss)
257 silly packumentCache full:https://registry.npmjs.org/object-hash set size:undefined disposed:false
258 silly fetch manifest postcss-selector-parser@^6.1.2
259 silly packumentCache full:https://registry.npmjs.org/postcss-selector-parser cache-miss
260 http fetch GET 200 https://registry.npmjs.org/postcss-nested 131ms (cache miss)
261 silly packumentCache full:https://registry.npmjs.org/postcss-nested set size:undefined disposed:false
262 http fetch GET 200 https://registry.npmjs.org/@alloc%2fquick-lru 142ms (cache miss)
263 silly packumentCache full:https://registry.npmjs.org/@alloc%2fquick-lru set size:undefined disposed:false
264 http fetch GET 200 https://registry.npmjs.org/postcss-load-config 171ms (cache miss)
265 silly packumentCache full:https://registry.npmjs.org/postcss-load-config set size:undefined disposed:false
266 http fetch GET 200 https://registry.npmjs.org/postcss-selector-parser 174ms (cache miss)
267 silly packumentCache full:https://registry.npmjs.org/postcss-selector-parser set size:undefined disposed:false
268 http fetch GET 200 https://registry.npmjs.org/postcss-import 497ms (cache miss)
269 silly packumentCache full:https://registry.npmjs.org/postcss-import set size:undefined disposed:false
270 http fetch GET 200 https://registry.npmjs.org/@next%2fswc-win32-arm64-msvc 4612ms (cache miss)
271 silly packumentCache full:https://registry.npmjs.org/@next%2fswc-win32-arm64-msvc set size:undefined disposed:false
272 http fetch GET 200 https://registry.npmjs.org/@next%2fswc-linux-arm64-gnu 10383ms (cache miss)
273 silly packumentCache full:https://registry.npmjs.org/@next%2fswc-linux-arm64-gnu set size:undefined disposed:false
274 silly placeDep ROOT undici-types@6.21.0 OK for: @types/node@20.19.43 want: ~6.21.0
275 silly placeDep ROOT @types/prop-types@15.7.15 OK for: @types/react@18.3.31 want: *
276 silly placeDep ROOT csstype@3.2.3 OK for: @types/react@18.3.31 want: ^3.2.2
277 silly placeDep ROOT browserslist@4.28.6 OK for: autoprefixer@10.5.4 want: ^4.28.6
278 silly placeDep ROOT caniuse-lite@1.0.30001806 OK for: autoprefixer@10.5.4 want: ^1.0.30001806
279 silly placeDep ROOT fraction.js@5.3.4 OK for: autoprefixer@10.5.4 want: ^5.3.4
280 silly placeDep ROOT picocolors@1.1.1 OK for: autoprefixer@10.5.4 want: ^1.1.1
281 silly placeDep ROOT postcss-value-parser@4.2.0 OK for: autoprefixer@10.5.4 want: ^4.2.0
282 silly fetch manifest caniuse-lite@^1.0.30001803
283 silly packumentCache full:https://registry.npmjs.org/caniuse-lite cache-miss
284 silly fetch manifest node-releases@^2.0.51
285 silly packumentCache full:https://registry.npmjs.org/node-releases cache-miss
286 silly fetch manifest electron-to-chromium@^1.5.389
287 silly packumentCache full:https://registry.npmjs.org/electron-to-chromium cache-miss
288 silly fetch manifest update-browserslist-db@^1.2.3
289 silly packumentCache full:https://registry.npmjs.org/update-browserslist-db cache-miss
290 silly fetch manifest baseline-browser-mapping@^2.10.42
291 silly packumentCache full:https://registry.npmjs.org/baseline-browser-mapping cache-miss
292 http cache https://registry.npmjs.org/caniuse-lite 15ms (cache hit)
293 silly packumentCache full:https://registry.npmjs.org/caniuse-lite set size:2306880 disposed:false
294 http fetch GET 200 https://registry.npmjs.org/update-browserslist-db 143ms (cache miss)
295 silly packumentCache full:https://registry.npmjs.org/update-browserslist-db set size:undefined disposed:false
296 http fetch GET 200 https://registry.npmjs.org/node-releases 281ms (cache miss)
297 silly packumentCache full:https://registry.npmjs.org/node-releases set size:undefined disposed:false
298 http fetch GET 200 https://registry.npmjs.org/baseline-browser-mapping 284ms (cache miss)
299 silly packumentCache full:https://registry.npmjs.org/baseline-browser-mapping set size:undefined disposed:false
300 http fetch GET 200 https://registry.npmjs.org/electron-to-chromium 3028ms (cache miss)
301 silly packumentCache full:https://registry.npmjs.org/electron-to-chromium set size:undefined disposed:false
302 silly fetch manifest browserslist@>= 4.21.0
303 silly packumentCache full:https://registry.npmjs.org/browserslist cache-miss
304 http cache https://registry.npmjs.org/browserslist 11ms (cache hit)
305 silly packumentCache full:https://registry.npmjs.org/browserslist set size:514014 disposed:false
306 silly placeDep ROOT baseline-browser-mapping@2.10.43 OK for: browserslist@4.28.6 want: ^2.10.42
307 silly placeDep ROOT electron-to-chromium@1.5.393 OK for: browserslist@4.28.6 want: ^1.5.389
308 silly placeDep ROOT node-releases@2.0.51 OK for: browserslist@4.28.6 want: ^2.0.51
309 silly placeDep ROOT update-browserslist-db@1.2.3 OK for: browserslist@4.28.6 want: ^1.2.3
310 silly fetch manifest escalade@^3.2.0
311 silly packumentCache full:https://registry.npmjs.org/escalade cache-miss
312 http fetch GET 200 https://registry.npmjs.org/escalade 234ms (cache miss)
313 silly packumentCache full:https://registry.npmjs.org/escalade set size:undefined disposed:false
314 silly fetch manifest react@^18.2.0
315 silly packumentCache full:https://registry.npmjs.org/react cache-miss
316 http cache https://registry.npmjs.org/react 26ms (cache hit)
317 silly packumentCache full:https://registry.npmjs.org/react set size:6801299 disposed:false
318 silly placeDep ROOT @next/env@14.2.35 OK for: next@14.2.35 want: 14.2.35
319 silly placeDep ROOT @next/swc-darwin-arm64@14.2.33 OK for: next@14.2.35 want: 14.2.33
320 silly placeDep ROOT @next/swc-darwin-x64@14.2.33 OK for: next@14.2.35 want: 14.2.33
321 silly placeDep ROOT @next/swc-linux-arm64-gnu@14.2.33 OK for: next@14.2.35 want: 14.2.33
322 silly placeDep ROOT @next/swc-linux-arm64-musl@14.2.33 OK for: next@14.2.35 want: 14.2.33
323 silly placeDep ROOT @next/swc-linux-x64-gnu@14.2.33 OK for: next@14.2.35 want: 14.2.33
324 silly placeDep ROOT @next/swc-linux-x64-musl@14.2.33 OK for: next@14.2.35 want: 14.2.33
325 silly placeDep ROOT @next/swc-win32-arm64-msvc@14.2.33 OK for: next@14.2.35 want: 14.2.33
326 silly placeDep ROOT @next/swc-win32-ia32-msvc@14.2.33 OK for: next@14.2.35 want: 14.2.33
327 silly placeDep ROOT @next/swc-win32-x64-msvc@14.2.33 OK for: next@14.2.35 want: 14.2.33
328 silly placeDep ROOT @swc/helpers@0.5.5 OK for: next@14.2.35 want: 0.5.5
329 silly placeDep ROOT busboy@1.6.0 OK for: next@14.2.35 want: 1.6.0
330 silly placeDep ROOT graceful-fs@4.2.11 OK for: next@14.2.35 want: ^4.2.11
331 silly placeDep node_modules/next postcss@8.4.31 OK for: next@14.2.35 want: 8.4.31
332 silly placeDep ROOT styled-jsx@5.1.1 OK for: next@14.2.35 want: 5.1.1
333 silly fetch manifest tslib@^2.4.0
334 silly packumentCache full:https://registry.npmjs.org/tslib cache-miss
335 silly fetch manifest @swc/counter@^0.1.3
336 silly packumentCache full:https://registry.npmjs.org/@swc%2fcounter cache-miss
337 silly fetch manifest streamsearch@^1.1.0
338 silly packumentCache full:https://registry.npmjs.org/streamsearch cache-miss
339 silly fetch manifest nanoid@^3.3.6
340 silly packumentCache full:https://registry.npmjs.org/nanoid cache-miss
341 silly fetch manifest source-map-js@^1.0.2
342 silly packumentCache full:https://registry.npmjs.org/source-map-js cache-miss
343 silly fetch manifest client-only@0.0.1
344 silly packumentCache full:https://registry.npmjs.org/client-only cache-miss
345 http cache https://registry.npmjs.org/source-map-js 83ms (cache hit)
346 silly packumentCache full:https://registry.npmjs.org/source-map-js set size:62640 disposed:false
347 http cache https://registry.npmjs.org/nanoid 93ms (cache hit)
348 silly packumentCache full:https://registry.npmjs.org/nanoid set size:335912 disposed:false
349 http fetch GET 200 https://registry.npmjs.org/client-only 144ms (cache miss)
350 silly packumentCache full:https://registry.npmjs.org/client-only set size:undefined disposed:false
351 http fetch GET 200 https://registry.npmjs.org/streamsearch 163ms (cache miss)
352 silly packumentCache full:https://registry.npmjs.org/streamsearch set size:undefined disposed:false
353 http fetch GET 200 https://registry.npmjs.org/tslib 178ms (cache miss)
354 silly packumentCache full:https://registry.npmjs.org/tslib set size:undefined disposed:false
355 http fetch GET 200 https://registry.npmjs.org/@swc%2fcounter 223ms (cache miss)
356 silly packumentCache full:https://registry.npmjs.org/@swc%2fcounter set size:undefined disposed:false
357 silly placeDep ROOT @swc/counter@0.1.3 OK for: @swc/helpers@0.5.5 want: ^0.1.3
358 silly placeDep ROOT tslib@2.8.1 OK for: @swc/helpers@0.5.5 want: ^2.4.0
359 silly placeDep ROOT streamsearch@1.1.0 OK for: busboy@1.6.0 want: ^1.1.0
360 silly placeDep ROOT nanoid@3.3.16 OK for: postcss@8.5.19 want: ^3.3.12
361 silly placeDep ROOT source-map-js@1.2.1 OK for: postcss@8.5.19 want: ^1.2.1
362 silly placeDep ROOT loose-envify@1.4.0 OK for: react@18.3.1 want: ^1.1.0
363 silly fetch manifest js-tokens@^3.0.0 || ^4.0.0
364 silly packumentCache full:https://registry.npmjs.org/js-tokens cache-miss
365 http fetch GET 200 https://registry.npmjs.org/js-tokens 293ms (cache miss)
366 silly packumentCache full:https://registry.npmjs.org/js-tokens set size:undefined disposed:false
367 silly placeDep ROOT js-tokens@4.0.0 OK for: loose-envify@1.4.0 want: ^3.0.0 || ^4.0.0
368 silly placeDep ROOT scheduler@0.23.2 OK for: react-dom@18.3.1 want: ^0.23.2
369 silly placeDep ROOT client-only@0.0.1 OK for: styled-jsx@5.1.1 want: 0.0.1
370 silly fetch manifest postcss@^8.4.47
371 silly packumentCache full:https://registry.npmjs.org/postcss cache-hit
372 silly fetch manifest tsx@^4.8.1
373 silly packumentCache full:https://registry.npmjs.org/tsx cache-miss
374 http fetch GET 200 https://registry.npmjs.org/tsx 271ms (cache miss)
375 silly packumentCache full:https://registry.npmjs.org/tsx set size:undefined disposed:false
376 silly fetch manifest yaml@^2.4.2
377 silly packumentCache full:https://registry.npmjs.org/yaml cache-miss
378 http fetch GET 200 https://registry.npmjs.org/yaml 772ms (cache miss)
379 silly packumentCache full:https://registry.npmjs.org/yaml set size:undefined disposed:false
380 silly placeDep ROOT @alloc/quick-lru@5.2.0 OK for: tailwindcss@3.4.19 want: ^5.2.0
381 silly placeDep ROOT arg@5.0.2 OK for: tailwindcss@3.4.19 want: ^5.0.2
382 silly placeDep ROOT chokidar@3.6.0 OK for: tailwindcss@3.4.19 want: ^3.6.0
383 silly placeDep ROOT didyoumean@1.2.2 OK for: tailwindcss@3.4.19 want: ^1.2.2
384 silly placeDep ROOT dlv@1.1.3 OK for: tailwindcss@3.4.19 want: ^1.1.3
385 silly placeDep ROOT fast-glob@3.3.3 OK for: tailwindcss@3.4.19 want: ^3.3.2
386 silly placeDep ROOT glob-parent@6.0.2 OK for: tailwindcss@3.4.19 want: ^6.0.2
387 silly placeDep ROOT is-glob@4.0.3 OK for: tailwindcss@3.4.19 want: ^4.0.3
388 silly placeDep ROOT jiti@1.21.7 OK for: tailwindcss@3.4.19 want: ^1.21.7
389 silly placeDep ROOT lilconfig@3.1.3 OK for: tailwindcss@3.4.19 want: ^3.1.3
390 silly placeDep ROOT micromatch@4.0.8 OK for: tailwindcss@3.4.19 want: ^4.0.8
391 silly placeDep ROOT normalize-path@3.0.0 OK for: tailwindcss@3.4.19 want: ^3.0.0
392 silly placeDep ROOT object-hash@3.0.0 OK for: tailwindcss@3.4.19 want: ^3.0.0
393 silly placeDep ROOT postcss-import@15.1.0 OK for: tailwindcss@3.4.19 want: ^15.1.0
394 silly placeDep ROOT postcss-js@4.1.0 OK for: tailwindcss@3.4.19 want: ^4.0.1
395 silly placeDep ROOT postcss-load-config@6.0.1 OK for: tailwindcss@3.4.19 want: ^4.0.2 || ^5.0 || ^6.0
396 silly placeDep ROOT postcss-nested@6.2.0 OK for: tailwindcss@3.4.19 want: ^6.2.0
397 silly placeDep ROOT postcss-selector-parser@6.1.4 OK for: tailwindcss@3.4.19 want: ^6.1.2
398 silly placeDep ROOT resolve@1.22.12 OK for: tailwindcss@3.4.19 want: ^1.22.8
399 silly placeDep ROOT sucrase@3.35.1 OK for: tailwindcss@3.4.19 want: ^3.35.0
400 silly fetch manifest braces@~3.0.2
401 silly packumentCache full:https://registry.npmjs.org/braces cache-miss
402 silly fetch manifest is-glob@~4.0.1
403 silly packumentCache full:https://registry.npmjs.org/is-glob cache-miss
404 silly fetch manifest anymatch@~3.1.2
405 silly packumentCache full:https://registry.npmjs.org/anymatch cache-miss
406 silly fetch manifest readdirp@~3.6.0
407 silly packumentCache full:https://registry.npmjs.org/readdirp cache-miss
408 silly fetch manifest glob-parent@~5.1.2
409 silly packumentCache full:https://registry.npmjs.org/glob-parent cache-miss
410 silly fetch manifest is-binary-path@~2.1.0
411 silly packumentCache full:https://registry.npmjs.org/is-binary-path cache-miss
412 silly fetch manifest normalize-path@~3.0.0
413 silly packumentCache full:https://registry.npmjs.org/normalize-path cache-miss
414 http cache https://registry.npmjs.org/is-glob 47ms (cache hit)
415 silly packumentCache full:https://registry.npmjs.org/is-glob set size:40530 disposed:false
416 silly fetch manifest fsevents@~2.3.2
417 silly packumentCache full:https://registry.npmjs.org/fsevents cache-miss
418 http cache https://registry.npmjs.org/glob-parent 44ms (cache hit)
419 silly packumentCache full:https://registry.npmjs.org/glob-parent set size:42445 disposed:false
420 silly fetch manifest @nodelib/fs.stat@^2.0.2
421 silly packumentCache full:https://registry.npmjs.org/@nodelib%2ffs.stat cache-miss
422 http cache https://registry.npmjs.org/normalize-path 53ms (cache hit)
423 silly packumentCache full:https://registry.npmjs.org/normalize-path set size:28713 disposed:false
424 silly fetch manifest @nodelib/fs.walk@^1.2.3
425 silly packumentCache full:https://registry.npmjs.org/@nodelib%2ffs.walk cache-miss
426 http fetch GET 200 https://registry.npmjs.org/braces 287ms (cache miss)
427 silly packumentCache full:https://registry.npmjs.org/braces set size:undefined disposed:false
428 silly fetch manifest glob-parent@^5.1.2
429 silly packumentCache full:https://registry.npmjs.org/glob-parent cache-hit
430 silly fetch manifest merge2@^1.3.0
431 silly packumentCache full:https://registry.npmjs.org/merge2 cache-miss
432 http fetch GET 200 https://registry.npmjs.org/is-binary-path 349ms (cache miss)
433 silly packumentCache full:https://registry.npmjs.org/is-binary-path set size:undefined disposed:false
434 silly fetch manifest is-extglob@^2.1.1
435 silly packumentCache full:https://registry.npmjs.org/is-extglob cache-miss
436 http fetch GET 200 https://registry.npmjs.org/anymatch 360ms (cache miss)
437 silly packumentCache full:https://registry.npmjs.org/anymatch set size:undefined disposed:false
438 silly fetch manifest braces@^3.0.3
439 silly packumentCache full:https://registry.npmjs.org/braces cache-miss
440 http cache https://registry.npmjs.org/braces 12ms (cache hit)
441 silly packumentCache full:https://registry.npmjs.org/braces set size:114529 disposed:false
442 silly fetch manifest picomatch@^2.3.1
443 silly packumentCache full:https://registry.npmjs.org/picomatch cache-miss
444 http fetch GET 200 https://registry.npmjs.org/readdirp 407ms (cache miss)
445 silly packumentCache full:https://registry.npmjs.org/readdirp set size:undefined disposed:false
446 silly fetch manifest resolve@^1.1.7
447 silly packumentCache full:https://registry.npmjs.org/resolve cache-miss
448 http cache https://registry.npmjs.org/resolve 13ms (cache hit)
449 silly packumentCache full:https://registry.npmjs.org/resolve set size:244568 disposed:false
450 silly fetch manifest read-cache@^1.0.0
451 silly packumentCache full:https://registry.npmjs.org/read-cache cache-miss
452 http fetch GET 200 https://registry.npmjs.org/@nodelib%2ffs.stat 394ms (cache miss)
453 silly packumentCache full:https://registry.npmjs.org/@nodelib%2ffs.stat set size:undefined disposed:false
454 silly fetch manifest camelcase-css@^2.0.1
455 silly packumentCache full:https://registry.npmjs.org/camelcase-css cache-miss
456 http fetch GET 200 https://registry.npmjs.org/merge2 272ms (cache miss)
457 silly packumentCache full:https://registry.npmjs.org/merge2 set size:undefined disposed:false
458 silly fetch manifest postcss-selector-parser@^6.1.1
459 silly packumentCache full:https://registry.npmjs.org/postcss-selector-parser cache-miss
460 http cache https://registry.npmjs.org/postcss-selector-parser 13ms (cache hit)
461 silly packumentCache full:https://registry.npmjs.org/postcss-selector-parser set size:193966 disposed:false
462 silly fetch manifest cssesc@^3.0.0
463 silly packumentCache full:https://registry.npmjs.org/cssesc cache-miss
464 http fetch GET 200 https://registry.npmjs.org/is-extglob 229ms (cache miss)
465 silly packumentCache full:https://registry.npmjs.org/is-extglob set size:undefined disposed:false
466 silly fetch manifest util-deprecate@^1.0.2
467 silly packumentCache full:https://registry.npmjs.org/util-deprecate cache-miss
468 http fetch GET 200 https://registry.npmjs.org/read-cache 215ms (cache miss)
469 silly packumentCache full:https://registry.npmjs.org/read-cache set size:undefined disposed:false
470 silly fetch manifest es-errors@^1.3.0
471 silly packumentCache full:https://registry.npmjs.org/es-errors cache-miss
472 http fetch GET 200 https://registry.npmjs.org/camelcase-css 241ms (cache miss)
473 silly packumentCache full:https://registry.npmjs.org/camelcase-css set size:undefined disposed:false
474 silly fetch manifest path-parse@^1.0.7
475 silly packumentCache full:https://registry.npmjs.org/path-parse cache-miss
476 http fetch GET 200 https://registry.npmjs.org/@nodelib%2ffs.walk 649ms (cache miss)
477 silly packumentCache full:https://registry.npmjs.org/@nodelib%2ffs.walk set size:undefined disposed:false
478 silly fetch manifest is-core-module@^2.16.1
479 silly packumentCache full:https://registry.npmjs.org/is-core-module cache-miss
480 http fetch GET 200 https://registry.npmjs.org/cssesc 152ms (cache miss)
481 silly packumentCache full:https://registry.npmjs.org/cssesc set size:undefined disposed:false
482 silly fetch manifest supports-preserve-symlinks-flag@^1.0.0
483 silly packumentCache full:https://registry.npmjs.org/supports-preserve-symlinks-flag cache-miss
484 http fetch GET 200 https://registry.npmjs.org/util-deprecate 199ms (cache miss)
485 silly packumentCache full:https://registry.npmjs.org/util-deprecate set size:undefined disposed:false
486 silly fetch manifest @jridgewell/gen-mapping@^0.3.2
487 silly packumentCache full:https://registry.npmjs.org/@jridgewell%2fgen-mapping cache-miss
488 http fetch GET 200 https://registry.npmjs.org/es-errors 160ms (cache miss)
489 silly packumentCache full:https://registry.npmjs.org/es-errors set size:undefined disposed:false
490 silly fetch manifest commander@^4.0.0
491 silly packumentCache full:https://registry.npmjs.org/commander cache-miss
492 http fetch GET 200 https://registry.npmjs.org/fsevents 772ms (cache miss)
493 silly packumentCache full:https://registry.npmjs.org/fsevents set size:undefined disposed:false
494 silly fetch manifest lines-and-columns@^1.1.6
495 silly packumentCache full:https://registry.npmjs.org/lines-and-columns cache-miss
496 http fetch GET 200 https://registry.npmjs.org/path-parse 150ms (cache miss)
497 silly packumentCache full:https://registry.npmjs.org/path-parse set size:undefined disposed:false
498 silly fetch manifest mz@^2.7.0
499 silly packumentCache full:https://registry.npmjs.org/mz cache-miss
500 http fetch GET 200 https://registry.npmjs.org/picomatch 470ms (cache miss)
501 silly packumentCache full:https://registry.npmjs.org/picomatch set size:undefined disposed:false
502 silly fetch manifest pirates@^4.0.1
503 silly packumentCache full:https://registry.npmjs.org/pirates cache-miss
504 http fetch GET 200 https://registry.npmjs.org/supports-preserve-symlinks-flag 118ms (cache miss)
505 silly packumentCache full:https://registry.npmjs.org/supports-preserve-symlinks-flag set size:undefined disposed:false
506 silly fetch manifest tinyglobby@^0.2.11
507 silly packumentCache full:https://registry.npmjs.org/tinyglobby cache-miss
508 http fetch GET 200 https://registry.npmjs.org/is-core-module 184ms (cache miss)
509 silly packumentCache full:https://registry.npmjs.org/is-core-module set size:undefined disposed:false
510 silly fetch manifest ts-interface-checker@^0.1.9
511 silly packumentCache full:https://registry.npmjs.org/ts-interface-checker cache-miss
512 http fetch GET 200 https://registry.npmjs.org/mz 103ms (cache miss)
513 silly packumentCache full:https://registry.npmjs.org/mz set size:undefined disposed:false
514 http fetch GET 200 https://registry.npmjs.org/lines-and-columns 141ms (cache miss)
515 silly packumentCache full:https://registry.npmjs.org/lines-and-columns set size:undefined disposed:false
516 http fetch GET 200 https://registry.npmjs.org/pirates 130ms (cache miss)
517 silly packumentCache full:https://registry.npmjs.org/pirates set size:undefined disposed:false
518 http fetch GET 200 https://registry.npmjs.org/@jridgewell%2fgen-mapping 221ms (cache miss)
519 silly packumentCache full:https://registry.npmjs.org/@jridgewell%2fgen-mapping set size:undefined disposed:false
520 http fetch GET 200 https://registry.npmjs.org/tinyglobby 208ms (cache miss)
521 silly packumentCache full:https://registry.npmjs.org/tinyglobby set size:undefined disposed:false
522 http fetch GET 200 https://registry.npmjs.org/ts-interface-checker 205ms (cache miss)
523 silly packumentCache full:https://registry.npmjs.org/ts-interface-checker set size:undefined disposed:false
524 http fetch GET 200 https://registry.npmjs.org/commander 302ms (cache miss)
525 silly packumentCache full:https://registry.npmjs.org/commander set size:undefined disposed:false
526 silly placeDep ROOT anymatch@3.1.3 OK for: chokidar@3.6.0 want: ~3.1.2
527 silly placeDep ROOT braces@3.0.3 OK for: chokidar@3.6.0 want: ~3.0.2
528 silly placeDep ROOT fsevents@2.3.3 OK for: chokidar@3.6.0 want: ~2.3.2
529 silly placeDep node_modules/chokidar glob-parent@5.1.2 OK for: chokidar@3.6.0 want: ~5.1.2
530 silly placeDep ROOT is-binary-path@2.1.0 OK for: chokidar@3.6.0 want: ~2.1.0
531 silly placeDep ROOT readdirp@3.6.0 OK for: chokidar@3.6.0 want: ~3.6.0
532 silly fetch manifest picomatch@^2.0.4
533 silly packumentCache full:https://registry.npmjs.org/picomatch cache-miss
534 silly fetch manifest fill-range@^7.1.1
535 silly packumentCache full:https://registry.npmjs.org/fill-range cache-miss
536 silly fetch manifest binary-extensions@^2.0.0
537 silly packumentCache full:https://registry.npmjs.org/binary-extensions cache-miss
538 silly fetch manifest picomatch@^2.2.1
539 silly packumentCache full:https://registry.npmjs.org/picomatch cache-miss
540 http cache https://registry.npmjs.org/picomatch 37ms (cache hit)
541 silly packumentCache full:https://registry.npmjs.org/picomatch set size:128942 disposed:false
542 http cache https://registry.npmjs.org/picomatch 54ms (cache hit)
543 silly packumentCache full:https://registry.npmjs.org/picomatch set size:128942 disposed:false
544 silly packumentCache full:https://registry.npmjs.org/picomatch dispose
545 http fetch GET 200 https://registry.npmjs.org/fill-range 133ms (cache miss)
546 silly packumentCache full:https://registry.npmjs.org/fill-range set size:undefined disposed:false
547 http fetch GET 200 https://registry.npmjs.org/binary-extensions 142ms (cache miss)
548 silly packumentCache full:https://registry.npmjs.org/binary-extensions set size:undefined disposed:false
549 silly placeDep ROOT picomatch@2.3.2 OK for: anymatch@3.1.3 want: ^2.0.4
550 silly placeDep ROOT fill-range@7.1.1 OK for: braces@3.0.3 want: ^7.1.1
551 silly fetch manifest to-regex-range@^5.0.1
552 silly packumentCache full:https://registry.npmjs.org/to-regex-range cache-miss
553 http fetch GET 200 https://registry.npmjs.org/to-regex-range 115ms (cache miss)
554 silly packumentCache full:https://registry.npmjs.org/to-regex-range set size:undefined disposed:false
555 silly placeDep ROOT @nodelib/fs.stat@2.0.5 OK for: fast-glob@3.3.3 want: ^2.0.2
556 silly placeDep ROOT @nodelib/fs.walk@1.2.8 OK for: fast-glob@3.3.3 want: ^1.2.3
557 silly placeDep node_modules/fast-glob glob-parent@5.1.2 OK for: fast-glob@3.3.3 want: ^5.1.2
558 silly placeDep ROOT merge2@1.4.1 OK for: fast-glob@3.3.3 want: ^1.3.0
559 silly fetch manifest fastq@^1.6.0
560 silly packumentCache full:https://registry.npmjs.org/fastq cache-miss
561 silly fetch manifest @nodelib/fs.scandir@2.1.5
562 silly packumentCache full:https://registry.npmjs.org/@nodelib%2ffs.scandir cache-miss
563 http fetch GET 200 https://registry.npmjs.org/fastq 174ms (cache miss)
564 silly packumentCache full:https://registry.npmjs.org/fastq set size:undefined disposed:false
565 http fetch GET 200 https://registry.npmjs.org/@nodelib%2ffs.scandir 285ms (cache miss)
566 silly packumentCache full:https://registry.npmjs.org/@nodelib%2ffs.scandir set size:undefined disposed:false
567 silly placeDep ROOT @nodelib/fs.scandir@2.1.5 OK for: @nodelib/fs.walk@1.2.8 want: 2.1.5
568 silly placeDep ROOT fastq@1.20.1 OK for: @nodelib/fs.walk@1.2.8 want: ^1.6.0
569 silly fetch manifest run-parallel@^1.1.9
570 silly packumentCache full:https://registry.npmjs.org/run-parallel cache-miss
571 silly fetch manifest reusify@^1.0.4
572 silly packumentCache full:https://registry.npmjs.org/reusify cache-miss
573 http fetch GET 200 https://registry.npmjs.org/reusify 130ms (cache miss)
574 silly packumentCache full:https://registry.npmjs.org/reusify set size:undefined disposed:false
575 http fetch GET 200 https://registry.npmjs.org/run-parallel 199ms (cache miss)
576 silly packumentCache full:https://registry.npmjs.org/run-parallel set size:undefined disposed:false
577 silly placeDep ROOT run-parallel@1.2.0 OK for: @nodelib/fs.scandir@2.1.5 want: ^1.1.9
578 silly fetch manifest queue-microtask@^1.2.2
579 silly packumentCache full:https://registry.npmjs.org/queue-microtask cache-miss
580 http fetch GET 200 https://registry.npmjs.org/queue-microtask 195ms (cache miss)
581 silly packumentCache full:https://registry.npmjs.org/queue-microtask set size:undefined disposed:false
582 silly placeDep ROOT reusify@1.1.0 OK for: fastq@1.20.1 want: ^1.0.4
583 silly placeDep ROOT to-regex-range@5.0.1 OK for: fill-range@7.1.1 want: ^5.0.1
584 silly fetch manifest is-number@^7.0.0
585 silly packumentCache full:https://registry.npmjs.org/is-number cache-miss
586 http fetch GET 200 https://registry.npmjs.org/is-number 160ms (cache miss)
587 silly packumentCache full:https://registry.npmjs.org/is-number set size:undefined disposed:false
588 silly placeDep ROOT binary-extensions@2.3.0 OK for: is-binary-path@2.1.0 want: ^2.0.0
589 silly placeDep ROOT is-extglob@2.1.1 OK for: is-glob@4.0.3 want: ^2.1.1
590 silly placeDep ROOT read-cache@1.0.0 OK for: postcss-import@15.1.0 want: ^1.0.0
591 silly fetch manifest pify@^2.3.0
592 silly packumentCache full:https://registry.npmjs.org/pify cache-miss
593 http fetch GET 200 https://registry.npmjs.org/pify 253ms (cache miss)
594 silly packumentCache full:https://registry.npmjs.org/pify set size:undefined disposed:false
595 silly placeDep ROOT camelcase-css@2.0.1 OK for: postcss-js@4.1.0 want: ^2.0.1
596 silly placeDep ROOT cssesc@3.0.0 OK for: postcss-selector-parser@6.1.4 want: ^3.0.0
597 silly placeDep ROOT util-deprecate@1.0.2 OK for: postcss-selector-parser@6.1.4 want: ^1.0.2
598 silly placeDep ROOT pify@2.3.0 OK for: read-cache@1.0.0 want: ^2.3.0
599 silly placeDep ROOT es-errors@1.3.0 OK for: resolve@1.22.12 want: ^1.3.0
600 silly placeDep ROOT is-core-module@2.16.2 OK for: resolve@1.22.12 want: ^2.16.1
601 silly placeDep ROOT path-parse@1.0.7 OK for: resolve@1.22.12 want: ^1.0.7
602 silly placeDep ROOT supports-preserve-symlinks-flag@1.0.0 OK for: resolve@1.22.12 want: ^1.0.0
603 silly fetch manifest hasown@^2.0.3
604 silly packumentCache full:https://registry.npmjs.org/hasown cache-miss
605 http fetch GET 200 https://registry.npmjs.org/hasown 194ms (cache miss)
606 silly packumentCache full:https://registry.npmjs.org/hasown set size:undefined disposed:false
607 silly placeDep ROOT hasown@2.0.4 OK for: is-core-module@2.16.2 want: ^2.0.3
608 silly fetch manifest function-bind@^1.1.2
609 silly packumentCache full:https://registry.npmjs.org/function-bind cache-miss
610 http fetch GET 200 https://registry.npmjs.org/function-bind 136ms (cache miss)
611 silly packumentCache full:https://registry.npmjs.org/function-bind set size:undefined disposed:false
612 silly placeDep ROOT function-bind@1.1.2 OK for: hasown@2.0.4 want: ^1.1.2
613 silly placeDep ROOT queue-microtask@1.2.3 OK for: run-parallel@1.2.0 want: ^1.2.2
614 silly placeDep ROOT @jridgewell/gen-mapping@0.3.13 OK for: sucrase@3.35.1 want: ^0.3.2
615 silly placeDep ROOT commander@4.1.1 OK for: sucrase@3.35.1 want: ^4.0.0
616 silly placeDep ROOT lines-and-columns@1.2.4 OK for: sucrase@3.35.1 want: ^1.1.6
617 silly placeDep ROOT mz@2.7.0 OK for: sucrase@3.35.1 want: ^2.7.0
618 silly placeDep ROOT pirates@4.0.7 OK for: sucrase@3.35.1 want: ^4.0.1
619 silly placeDep ROOT tinyglobby@0.2.17 OK for: sucrase@3.35.1 want: ^0.2.11
620 silly placeDep ROOT ts-interface-checker@0.1.13 OK for: sucrase@3.35.1 want: ^0.1.9
621 silly fetch manifest @jridgewell/trace-mapping@^0.3.24
622 silly packumentCache full:https://registry.npmjs.org/@jridgewell%2ftrace-mapping cache-miss
623 silly fetch manifest @jridgewell/sourcemap-codec@^1.5.0
624 silly packumentCache full:https://registry.npmjs.org/@jridgewell%2fsourcemap-codec cache-miss
625 silly fetch manifest any-promise@^1.0.0
626 silly packumentCache full:https://registry.npmjs.org/any-promise cache-miss
627 silly fetch manifest object-assign@^4.0.1
628 silly packumentCache full:https://registry.npmjs.org/object-assign cache-miss
629 silly fetch manifest thenify-all@^1.0.0
630 silly packumentCache full:https://registry.npmjs.org/thenify-all cache-miss
631 silly fetch manifest fdir@^6.5.0
632 silly packumentCache full:https://registry.npmjs.org/fdir cache-miss
633 silly fetch manifest picomatch@^4.0.4
634 silly packumentCache full:https://registry.npmjs.org/picomatch cache-hit
635 http fetch GET 200 https://registry.npmjs.org/any-promise 145ms (cache miss)
636 silly packumentCache full:https://registry.npmjs.org/any-promise set size:undefined disposed:false
637 http fetch GET 200 https://registry.npmjs.org/thenify-all 148ms (cache miss)
638 silly packumentCache full:https://registry.npmjs.org/thenify-all set size:undefined disposed:false
639 http fetch GET 200 https://registry.npmjs.org/object-assign 151ms (cache miss)
640 silly packumentCache full:https://registry.npmjs.org/object-assign set size:undefined disposed:false
641 http fetch GET 200 https://registry.npmjs.org/@jridgewell%2fsourcemap-codec 185ms (cache miss)
642 silly packumentCache full:https://registry.npmjs.org/@jridgewell%2fsourcemap-codec set size:undefined disposed:false
643 http fetch GET 200 https://registry.npmjs.org/fdir 225ms (cache miss)
644 silly packumentCache full:https://registry.npmjs.org/fdir set size:undefined disposed:false
645 http fetch GET 200 https://registry.npmjs.org/@jridgewell%2ftrace-mapping 232ms (cache miss)
646 silly packumentCache full:https://registry.npmjs.org/@jridgewell%2ftrace-mapping set size:undefined disposed:false
647 silly placeDep ROOT @jridgewell/sourcemap-codec@1.5.5 OK for: @jridgewell/gen-mapping@0.3.13 want: ^1.5.0
648 silly placeDep ROOT @jridgewell/trace-mapping@0.3.31 OK for: @jridgewell/gen-mapping@0.3.13 want: ^0.3.24
649 silly fetch manifest @jridgewell/resolve-uri@^3.1.0
650 silly packumentCache full:https://registry.npmjs.org/@jridgewell%2fresolve-uri cache-miss
651 http fetch GET 200 https://registry.npmjs.org/@jridgewell%2fresolve-uri 248ms (cache miss)
652 silly packumentCache full:https://registry.npmjs.org/@jridgewell%2fresolve-uri set size:undefined disposed:false
653 silly placeDep ROOT @jridgewell/resolve-uri@3.1.2 OK for: @jridgewell/trace-mapping@0.3.31 want: ^3.1.0
654 silly placeDep ROOT any-promise@1.3.0 OK for: mz@2.7.0 want: ^1.0.0
655 silly placeDep ROOT object-assign@4.1.1 OK for: mz@2.7.0 want: ^4.0.1
656 silly placeDep ROOT thenify-all@1.6.0 OK for: mz@2.7.0 want: ^1.0.0
657 silly fetch manifest thenify@>= 3.1.0 < 4
658 silly packumentCache full:https://registry.npmjs.org/thenify cache-miss
659 http fetch GET 200 https://registry.npmjs.org/thenify 95ms (cache miss)
660 silly packumentCache full:https://registry.npmjs.org/thenify set size:undefined disposed:false
661 silly placeDep ROOT thenify@3.3.1 OK for: thenify-all@1.6.0 want: >= 3.1.0 < 4
662 silly placeDep node_modules/tinyglobby fdir@6.5.0 OK for: tinyglobby@0.2.17 want: ^6.5.0
663 silly placeDep node_modules/tinyglobby picomatch@4.0.5 OK for: fdir@6.5.0 want: ^3 || ^4
664 silly placeDep ROOT is-number@7.0.0 OK for: to-regex-range@5.0.1 want: ^7.0.0
665 silly placeDep ROOT escalade@3.2.0 OK for: update-browserslist-db@1.2.3 want: ^3.2.0
666 silly reify moves {}
667 verbose reify failed optional dependency D:\Work\WEBSITE\gsp\node_modules\fsevents
668 silly reify mark deleted [ 'D:\\Work\\WEBSITE\\gsp\\node_modules\\fsevents' ]
669 verbose reify failed optional dependency D:\Work\WEBSITE\gsp\node_modules\@next\swc-win32-ia32-msvc
670 silly reify mark deleted [ 'D:\\Work\\WEBSITE\\gsp\\node_modules\\@next\\swc-win32-ia32-msvc' ]
671 verbose reify failed optional dependency D:\Work\WEBSITE\gsp\node_modules\@next\swc-win32-arm64-msvc
672 silly reify mark deleted [ 'D:\\Work\\WEBSITE\\gsp\\node_modules\\@next\\swc-win32-arm64-msvc' ]
673 verbose reify failed optional dependency D:\Work\WEBSITE\gsp\node_modules\@next\swc-linux-x64-musl
674 silly reify mark deleted [ 'D:\\Work\\WEBSITE\\gsp\\node_modules\\@next\\swc-linux-x64-musl' ]
675 verbose reify failed optional dependency D:\Work\WEBSITE\gsp\node_modules\@next\swc-linux-x64-gnu
676 silly reify mark deleted [ 'D:\\Work\\WEBSITE\\gsp\\node_modules\\@next\\swc-linux-x64-gnu' ]
677 verbose reify failed optional dependency D:\Work\WEBSITE\gsp\node_modules\@next\swc-linux-arm64-musl
678 silly reify mark deleted [ 'D:\\Work\\WEBSITE\\gsp\\node_modules\\@next\\swc-linux-arm64-musl' ]
679 verbose reify failed optional dependency D:\Work\WEBSITE\gsp\node_modules\@next\swc-linux-arm64-gnu
680 silly reify mark deleted [ 'D:\\Work\\WEBSITE\\gsp\\node_modules\\@next\\swc-linux-arm64-gnu' ]
681 verbose reify failed optional dependency D:\Work\WEBSITE\gsp\node_modules\@next\swc-darwin-x64
682 silly reify mark deleted [ 'D:\\Work\\WEBSITE\\gsp\\node_modules\\@next\\swc-darwin-x64' ]
683 verbose reify failed optional dependency D:\Work\WEBSITE\gsp\node_modules\@next\swc-darwin-arm64
684 silly reify mark deleted [ 'D:\\Work\\WEBSITE\\gsp\\node_modules\\@next\\swc-darwin-arm64' ]
685 http cache escalade@https://registry.npmjs.org/escalade/-/escalade-3.2.0.tgz 0ms (cache hit)
686 http cache object-assign@https://registry.npmjs.org/object-assign/-/object-assign-4.1.1.tgz 0ms (cache hit)
687 http cache thenify@https://registry.npmjs.org/thenify/-/thenify-3.3.1.tgz 0ms (cache hit)
688 http cache is-number@https://registry.npmjs.org/is-number/-/is-number-7.0.0.tgz 0ms (cache hit)
689 http cache any-promise@https://registry.npmjs.org/any-promise/-/any-promise-1.3.0.tgz 0ms (cache hit)
690 http cache thenify-all@https://registry.npmjs.org/thenify-all/-/thenify-all-1.6.0.tgz 0ms (cache hit)
691 http cache @jridgewell/trace-mapping@https://registry.npmjs.org/@jridgewell/trace-mapping/-/trace-mapping-0.3.31.tgz 0ms (cache hit)
692 http cache @jridgewell/resolve-uri@https://registry.npmjs.org/@jridgewell/resolve-uri/-/resolve-uri-3.1.2.tgz 0ms (cache hit)
693 http cache @jridgewell/sourcemap-codec@https://registry.npmjs.org/@jridgewell/sourcemap-codec/-/sourcemap-codec-1.5.5.tgz 0ms (cache hit)
694 http cache ts-interface-checker@https://registry.npmjs.org/ts-interface-checker/-/ts-interface-checker-0.1.13.tgz 0ms (cache hit)
695 http cache mz@https://registry.npmjs.org/mz/-/mz-2.7.0.tgz 0ms (cache hit)
696 http cache @jridgewell/gen-mapping@https://registry.npmjs.org/@jridgewell/gen-mapping/-/gen-mapping-0.3.13.tgz 0ms (cache hit)
697 http cache commander@https://registry.npmjs.org/commander/-/commander-4.1.1.tgz 0ms (cache hit)
698 http cache lines-and-columns@https://registry.npmjs.org/lines-and-columns/-/lines-and-columns-1.2.4.tgz 0ms (cache hit)
699 http cache queue-microtask@https://registry.npmjs.org/queue-microtask/-/queue-microtask-1.2.3.tgz 0ms (cache hit)
700 http cache function-bind@https://registry.npmjs.org/function-bind/-/function-bind-1.1.2.tgz 0ms (cache hit)
701 http cache pirates@https://registry.npmjs.org/pirates/-/pirates-4.0.7.tgz 0ms (cache hit)
702 http cache supports-preserve-symlinks-flag@https://registry.npmjs.org/supports-preserve-symlinks-flag/-/supports-preserve-symlinks-flag-1.0.0.tgz 0ms (cache hit)
703 http cache hasown@https://registry.npmjs.org/hasown/-/hasown-2.0.4.tgz 0ms (cache hit)
704 http cache is-core-module@https://registry.npmjs.org/is-core-module/-/is-core-module-2.16.2.tgz 0ms (cache hit)
705 http cache pify@https://registry.npmjs.org/pify/-/pify-2.3.0.tgz 0ms (cache hit)
706 http cache es-errors@https://registry.npmjs.org/es-errors/-/es-errors-1.3.0.tgz 0ms (cache hit)
707 http cache util-deprecate@https://registry.npmjs.org/util-deprecate/-/util-deprecate-1.0.2.tgz 0ms (cache hit)
708 http cache camelcase-css@https://registry.npmjs.org/camelcase-css/-/camelcase-css-2.0.1.tgz 0ms (cache hit)
709 http cache read-cache@https://registry.npmjs.org/read-cache/-/read-cache-1.0.0.tgz 0ms (cache hit)
710 http cache path-parse@https://registry.npmjs.org/path-parse/-/path-parse-1.0.7.tgz 0ms (cache hit)
711 http cache is-extglob@https://registry.npmjs.org/is-extglob/-/is-extglob-2.1.1.tgz 0ms (cache hit)
712 http cache reusify@https://registry.npmjs.org/reusify/-/reusify-1.1.0.tgz 0ms (cache hit)
713 http cache binary-extensions@https://registry.npmjs.org/binary-extensions/-/binary-extensions-2.3.0.tgz 0ms (cache hit)
714 http cache cssesc@https://registry.npmjs.org/cssesc/-/cssesc-3.0.0.tgz 0ms (cache hit)
715 http cache @nodelib/fs.scandir@https://registry.npmjs.org/@nodelib/fs.scandir/-/fs.scandir-2.1.5.tgz 0ms (cache hit)
716 http cache run-parallel@https://registry.npmjs.org/run-parallel/-/run-parallel-1.2.0.tgz 0ms (cache hit)
717 http cache fastq@https://registry.npmjs.org/fastq/-/fastq-1.20.1.tgz 0ms (cache hit)
718 http cache tinyglobby@https://registry.npmjs.org/tinyglobby/-/tinyglobby-0.2.17.tgz 0ms (cache hit)
719 http cache merge2@https://registry.npmjs.org/merge2/-/merge2-1.4.1.tgz 0ms (cache hit)
720 http cache @nodelib/fs.walk@https://registry.npmjs.org/@nodelib/fs.walk/-/fs.walk-1.2.8.tgz 0ms (cache hit)
721 http cache @nodelib/fs.stat@https://registry.npmjs.org/@nodelib/fs.stat/-/fs.stat-2.0.5.tgz 0ms (cache hit)
722 http cache fill-range@https://registry.npmjs.org/fill-range/-/fill-range-7.1.1.tgz 0ms (cache hit)
723 http cache picomatch@https://registry.npmjs.org/picomatch/-/picomatch-2.3.2.tgz 0ms (cache hit)
724 http cache readdirp@https://registry.npmjs.org/readdirp/-/readdirp-3.6.0.tgz 0ms (cache hit)
725 http cache braces@https://registry.npmjs.org/braces/-/braces-3.0.3.tgz 0ms (cache hit)
726 http cache is-binary-path@https://registry.npmjs.org/is-binary-path/-/is-binary-path-2.1.0.tgz 0ms (cache hit)
727 http cache anymatch@https://registry.npmjs.org/anymatch/-/anymatch-3.1.3.tgz 0ms (cache hit)
728 http cache sucrase@https://registry.npmjs.org/sucrase/-/sucrase-3.35.1.tgz 0ms (cache hit)
729 http cache resolve@https://registry.npmjs.org/resolve/-/resolve-1.22.12.tgz 0ms (cache hit)
730 http cache postcss-selector-parser@https://registry.npmjs.org/postcss-selector-parser/-/postcss-selector-parser-6.1.4.tgz 0ms (cache hit)
731 http cache postcss-nested@https://registry.npmjs.org/postcss-nested/-/postcss-nested-6.2.0.tgz 0ms (cache hit)
732 http cache to-regex-range@https://registry.npmjs.org/to-regex-range/-/to-regex-range-5.0.1.tgz 0ms (cache hit)
733 http cache postcss-js@https://registry.npmjs.org/postcss-js/-/postcss-js-4.1.0.tgz 0ms (cache hit)
734 http cache postcss-load-config@https://registry.npmjs.org/postcss-load-config/-/postcss-load-config-6.0.1.tgz 0ms (cache hit)
735 http cache object-hash@https://registry.npmjs.org/object-hash/-/object-hash-3.0.0.tgz 0ms (cache hit)
736 http cache normalize-path@https://registry.npmjs.org/normalize-path/-/normalize-path-3.0.0.tgz 0ms (cache hit)
737 http cache micromatch@https://registry.npmjs.org/micromatch/-/micromatch-4.0.8.tgz 0ms (cache hit)
738 http cache lilconfig@https://registry.npmjs.org/lilconfig/-/lilconfig-3.1.3.tgz 0ms (cache hit)
739 http cache postcss-import@https://registry.npmjs.org/postcss-import/-/postcss-import-15.1.0.tgz 0ms (cache hit)
740 http cache glob-parent@https://registry.npmjs.org/glob-parent/-/glob-parent-6.0.2.tgz 0ms (cache hit)
741 http cache jiti@https://registry.npmjs.org/jiti/-/jiti-1.21.7.tgz 0ms (cache hit)
742 http cache dlv@https://registry.npmjs.org/dlv/-/dlv-1.1.3.tgz 0ms (cache hit)
743 http cache fast-glob@https://registry.npmjs.org/fast-glob/-/fast-glob-3.3.3.tgz 0ms (cache hit)
744 http cache didyoumean@https://registry.npmjs.org/didyoumean/-/didyoumean-1.2.2.tgz 0ms (cache hit)
745 http cache @alloc/quick-lru@https://registry.npmjs.org/@alloc/quick-lru/-/quick-lru-5.2.0.tgz 0ms (cache hit)
746 http cache arg@https://registry.npmjs.org/arg/-/arg-5.0.2.tgz 0ms (cache hit)
747 http cache chokidar@https://registry.npmjs.org/chokidar/-/chokidar-3.6.0.tgz 0ms (cache hit)
748 http cache client-only@https://registry.npmjs.org/client-only/-/client-only-0.0.1.tgz 0ms (cache hit)
749 http cache js-tokens@https://registry.npmjs.org/js-tokens/-/js-tokens-4.0.0.tgz 0ms (cache hit)
750 http cache is-glob@https://registry.npmjs.org/is-glob/-/is-glob-4.0.3.tgz 0ms (cache hit)
751 http cache scheduler@https://registry.npmjs.org/scheduler/-/scheduler-0.23.2.tgz 0ms (cache hit)
752 http cache loose-envify@https://registry.npmjs.org/loose-envify/-/loose-envify-1.4.0.tgz 0ms (cache hit)
753 http cache source-map-js@https://registry.npmjs.org/source-map-js/-/source-map-js-1.2.1.tgz 0ms (cache hit)
754 http cache nanoid@https://registry.npmjs.org/nanoid/-/nanoid-3.3.16.tgz 0ms (cache hit)
755 http cache streamsearch@https://registry.npmjs.org/streamsearch/-/streamsearch-1.1.0.tgz 0ms (cache hit)
756 http cache @swc/counter@https://registry.npmjs.org/@swc/counter/-/counter-0.1.3.tgz 0ms (cache hit)
757 http cache tslib@https://registry.npmjs.org/tslib/-/tslib-2.8.1.tgz 0ms (cache hit)
758 http cache @swc/helpers@https://registry.npmjs.org/@swc/helpers/-/helpers-0.5.5.tgz 0ms (cache hit)
759 http cache styled-jsx@https://registry.npmjs.org/styled-jsx/-/styled-jsx-5.1.1.tgz 0ms (cache hit)
760 http cache busboy@https://registry.npmjs.org/busboy/-/busboy-1.6.0.tgz 0ms (cache hit)
761 http cache graceful-fs@https://registry.npmjs.org/graceful-fs/-/graceful-fs-4.2.11.tgz 0ms (cache hit)
762 http cache @next/swc-win32-x64-msvc@https://registry.npmjs.org/@next/swc-win32-x64-msvc/-/swc-win32-x64-msvc-14.2.33.tgz 0ms (cache hit)
763 http cache @next/env@https://registry.npmjs.org/@next/env/-/env-14.2.35.tgz 0ms (cache hit)
764 http cache update-browserslist-db@https://registry.npmjs.org/update-browserslist-db/-/update-browserslist-db-1.2.3.tgz 0ms (cache hit)
765 http cache node-releases@https://registry.npmjs.org/node-releases/-/node-releases-2.0.51.tgz 0ms (cache hit)
766 http cache electron-to-chromium@https://registry.npmjs.org/electron-to-chromium/-/electron-to-chromium-1.5.393.tgz 0ms (cache hit)
767 http cache postcss-value-parser@https://registry.npmjs.org/postcss-value-parser/-/postcss-value-parser-4.2.0.tgz 0ms (cache hit)
768 http cache baseline-browser-mapping@https://registry.npmjs.org/baseline-browser-mapping/-/baseline-browser-mapping-2.10.43.tgz 0ms (cache hit)
769 http cache picocolors@https://registry.npmjs.org/picocolors/-/picocolors-1.1.1.tgz 0ms (cache hit)
770 http cache fraction.js@https://registry.npmjs.org/fraction.js/-/fraction.js-5.3.4.tgz 0ms (cache hit)
771 http cache @types/prop-types@https://registry.npmjs.org/@types/prop-types/-/prop-types-15.7.15.tgz 0ms (cache hit)
772 http cache caniuse-lite@https://registry.npmjs.org/caniuse-lite/-/caniuse-lite-1.0.30001806.tgz 0ms (cache hit)
773 http cache browserslist@https://registry.npmjs.org/browserslist/-/browserslist-4.28.6.tgz 0ms (cache hit)
774 http cache csstype@https://registry.npmjs.org/csstype/-/csstype-3.2.3.tgz 0ms (cache hit)
775 http cache tailwindcss@https://registry.npmjs.org/tailwindcss/-/tailwindcss-3.4.19.tgz 0ms (cache hit)
776 http cache react-dom@https://registry.npmjs.org/react-dom/-/react-dom-18.3.1.tgz 0ms (cache hit)
777 http cache undici-types@https://registry.npmjs.org/undici-types/-/undici-types-6.21.0.tgz 0ms (cache hit)
778 http cache react@https://registry.npmjs.org/react/-/react-18.3.1.tgz 0ms (cache hit)
779 http cache @types/react-dom@https://registry.npmjs.org/@types/react-dom/-/react-dom-18.3.7.tgz 0ms (cache hit)
780 http cache typescript@https://registry.npmjs.org/typescript/-/typescript-5.9.3.tgz 0ms (cache hit)
781 http cache next@https://registry.npmjs.org/next/-/next-14.2.35.tgz 0ms (cache hit)
782 http cache gsap@https://registry.npmjs.org/gsap/-/gsap-3.15.0.tgz 0ms (cache hit)
783 http cache postcss@https://registry.npmjs.org/postcss/-/postcss-8.5.19.tgz 0ms (cache hit)
784 http cache @types/node@https://registry.npmjs.org/@types/node/-/node-20.19.43.tgz 0ms (cache hit)
785 http cache @types/react@https://registry.npmjs.org/@types/react/-/react-18.3.31.tgz 0ms (cache hit)
786 http cache autoprefixer@https://registry.npmjs.org/autoprefixer/-/autoprefixer-10.5.4.tgz 0ms (cache hit)
787 http cache picomatch@https://registry.npmjs.org/picomatch/-/picomatch-4.0.5.tgz 0ms (cache hit)
788 http cache glob-parent@https://registry.npmjs.org/glob-parent/-/glob-parent-5.1.2.tgz 0ms (cache hit)
789 http cache glob-parent@https://registry.npmjs.org/glob-parent/-/glob-parent-5.1.2.tgz 0ms (cache hit)
790 http cache postcss@https://registry.npmjs.org/postcss/-/postcss-8.4.31.tgz 0ms (cache hit)
791 silly tarball no local data for escalade@https://registry.npmjs.org/escalade/-/escalade-3.2.0.tgz. Extracting by manifest.
792 silly tarball no local data for object-assign@https://registry.npmjs.org/object-assign/-/object-assign-4.1.1.tgz. Extracting by manifest.
793 silly tarball no local data for thenify@https://registry.npmjs.org/thenify/-/thenify-3.3.1.tgz. Extracting by manifest.
794 silly tarball no local data for is-number@https://registry.npmjs.org/is-number/-/is-number-7.0.0.tgz. Extracting by manifest.
795 silly tarball no local data for any-promise@https://registry.npmjs.org/any-promise/-/any-promise-1.3.0.tgz. Extracting by manifest.
796 silly tarball no local data for thenify-all@https://registry.npmjs.org/thenify-all/-/thenify-all-1.6.0.tgz. Extracting by manifest.
797 silly tarball no local data for @jridgewell/trace-mapping@https://registry.npmjs.org/@jridgewell/trace-mapping/-/trace-mapping-0.3.31.tgz. Extracting by manifest.
798 silly tarball no local data for @jridgewell/resolve-uri@https://registry.npmjs.org/@jridgewell/resolve-uri/-/resolve-uri-3.1.2.tgz. Extracting by manifest.
799 silly tarball no local data for @jridgewell/sourcemap-codec@https://registry.npmjs.org/@jridgewell/sourcemap-codec/-/sourcemap-codec-1.5.5.tgz. Extracting by manifest.
800 silly tarball no local data for ts-interface-checker@https://registry.npmjs.org/ts-interface-checker/-/ts-interface-checker-0.1.13.tgz. Extracting by manifest.
801 http cache fdir@https://registry.npmjs.org/fdir/-/fdir-6.5.0.tgz 0ms (cache hit)
802 silly tarball no local data for mz@https://registry.npmjs.org/mz/-/mz-2.7.0.tgz. Extracting by manifest.
803 silly tarball no local data for @jridgewell/gen-mapping@https://registry.npmjs.org/@jridgewell/gen-mapping/-/gen-mapping-0.3.13.tgz. Extracting by manifest.
804 silly tarball no local data for commander@https://registry.npmjs.org/commander/-/commander-4.1.1.tgz. Extracting by manifest.
805 silly tarball no local data for lines-and-columns@https://registry.npmjs.org/lines-and-columns/-/lines-and-columns-1.2.4.tgz. Extracting by manifest.
806 silly tarball no local data for queue-microtask@https://registry.npmjs.org/queue-microtask/-/queue-microtask-1.2.3.tgz. Extracting by manifest.
807 silly tarball no local data for function-bind@https://registry.npmjs.org/function-bind/-/function-bind-1.1.2.tgz. Extracting by manifest.
808 silly tarball no local data for pirates@https://registry.npmjs.org/pirates/-/pirates-4.0.7.tgz. Extracting by manifest.
809 silly tarball no local data for supports-preserve-symlinks-flag@https://registry.npmjs.org/supports-preserve-symlinks-flag/-/supports-preserve-symlinks-flag-1.0.0.tgz. Extracting by manifest.
810 silly tarball no local data for hasown@https://registry.npmjs.org/hasown/-/hasown-2.0.4.tgz. Extracting by manifest.
811 silly tarball no local data for is-core-module@https://registry.npmjs.org/is-core-module/-/is-core-module-2.16.2.tgz. Extracting by manifest.
812 silly tarball no local data for pify@https://registry.npmjs.org/pify/-/pify-2.3.0.tgz. Extracting by manifest.
813 silly tarball no local data for es-errors@https://registry.npmjs.org/es-errors/-/es-errors-1.3.0.tgz. Extracting by manifest.
814 silly tarball no local data for util-deprecate@https://registry.npmjs.org/util-deprecate/-/util-deprecate-1.0.2.tgz. Extracting by manifest.
815 silly tarball no local data for camelcase-css@https://registry.npmjs.org/camelcase-css/-/camelcase-css-2.0.1.tgz. Extracting by manifest.
816 silly tarball no local data for read-cache@https://registry.npmjs.org/read-cache/-/read-cache-1.0.0.tgz. Extracting by manifest.
817 silly tarball no local data for path-parse@https://registry.npmjs.org/path-parse/-/path-parse-1.0.7.tgz. Extracting by manifest.
818 silly tarball no local data for is-extglob@https://registry.npmjs.org/is-extglob/-/is-extglob-2.1.1.tgz. Extracting by manifest.
819 silly tarball no local data for reusify@https://registry.npmjs.org/reusify/-/reusify-1.1.0.tgz. Extracting by manifest.
820 silly tarball no local data for binary-extensions@https://registry.npmjs.org/binary-extensions/-/binary-extensions-2.3.0.tgz. Extracting by manifest.
821 silly tarball no local data for cssesc@https://registry.npmjs.org/cssesc/-/cssesc-3.0.0.tgz. Extracting by manifest.
822 silly tarball no local data for @nodelib/fs.scandir@https://registry.npmjs.org/@nodelib/fs.scandir/-/fs.scandir-2.1.5.tgz. Extracting by manifest.
823 silly tarball no local data for run-parallel@https://registry.npmjs.org/run-parallel/-/run-parallel-1.2.0.tgz. Extracting by manifest.
824 silly tarball no local data for fastq@https://registry.npmjs.org/fastq/-/fastq-1.20.1.tgz. Extracting by manifest.
825 silly tarball no local data for tinyglobby@https://registry.npmjs.org/tinyglobby/-/tinyglobby-0.2.17.tgz. Extracting by manifest.
826 silly tarball no local data for merge2@https://registry.npmjs.org/merge2/-/merge2-1.4.1.tgz. Extracting by manifest.
827 silly tarball no local data for @nodelib/fs.walk@https://registry.npmjs.org/@nodelib/fs.walk/-/fs.walk-1.2.8.tgz. Extracting by manifest.
828 silly tarball no local data for @nodelib/fs.stat@https://registry.npmjs.org/@nodelib/fs.stat/-/fs.stat-2.0.5.tgz. Extracting by manifest.
829 silly tarball no local data for fill-range@https://registry.npmjs.org/fill-range/-/fill-range-7.1.1.tgz. Extracting by manifest.
830 silly tarball no local data for picomatch@https://registry.npmjs.org/picomatch/-/picomatch-2.3.2.tgz. Extracting by manifest.
831 silly tarball no local data for readdirp@https://registry.npmjs.org/readdirp/-/readdirp-3.6.0.tgz. Extracting by manifest.
832 silly tarball no local data for braces@https://registry.npmjs.org/braces/-/braces-3.0.3.tgz. Extracting by manifest.
833 silly tarball no local data for is-binary-path@https://registry.npmjs.org/is-binary-path/-/is-binary-path-2.1.0.tgz. Extracting by manifest.
834 silly tarball no local data for anymatch@https://registry.npmjs.org/anymatch/-/anymatch-3.1.3.tgz. Extracting by manifest.
835 silly tarball no local data for sucrase@https://registry.npmjs.org/sucrase/-/sucrase-3.35.1.tgz. Extracting by manifest.
836 silly tarball no local data for resolve@https://registry.npmjs.org/resolve/-/resolve-1.22.12.tgz. Extracting by manifest.
837 silly tarball no local data for postcss-selector-parser@https://registry.npmjs.org/postcss-selector-parser/-/postcss-selector-parser-6.1.4.tgz. Extracting by manifest.
838 silly tarball no local data for postcss-nested@https://registry.npmjs.org/postcss-nested/-/postcss-nested-6.2.0.tgz. Extracting by manifest.
839 silly tarball no local data for to-regex-range@https://registry.npmjs.org/to-regex-range/-/to-regex-range-5.0.1.tgz. Extracting by manifest.
840 silly tarball no local data for postcss-js@https://registry.npmjs.org/postcss-js/-/postcss-js-4.1.0.tgz. Extracting by manifest.
841 silly tarball no local data for postcss-load-config@https://registry.npmjs.org/postcss-load-config/-/postcss-load-config-6.0.1.tgz. Extracting by manifest.
842 silly tarball no local data for object-hash@https://registry.npmjs.org/object-hash/-/object-hash-3.0.0.tgz. Extracting by manifest.
843 silly tarball no local data for normalize-path@https://registry.npmjs.org/normalize-path/-/normalize-path-3.0.0.tgz. Extracting by manifest.
844 silly tarball no local data for micromatch@https://registry.npmjs.org/micromatch/-/micromatch-4.0.8.tgz. Extracting by manifest.
845 silly tarball no local data for lilconfig@https://registry.npmjs.org/lilconfig/-/lilconfig-3.1.3.tgz. Extracting by manifest.
846 silly tarball no local data for postcss-import@https://registry.npmjs.org/postcss-import/-/postcss-import-15.1.0.tgz. Extracting by manifest.
847 silly tarball no local data for glob-parent@https://registry.npmjs.org/glob-parent/-/glob-parent-6.0.2.tgz. Extracting by manifest.
848 silly tarball no local data for jiti@https://registry.npmjs.org/jiti/-/jiti-1.21.7.tgz. Extracting by manifest.
849 silly tarball no local data for dlv@https://registry.npmjs.org/dlv/-/dlv-1.1.3.tgz. Extracting by manifest.
850 silly tarball no local data for fast-glob@https://registry.npmjs.org/fast-glob/-/fast-glob-3.3.3.tgz. Extracting by manifest.
851 silly tarball no local data for didyoumean@https://registry.npmjs.org/didyoumean/-/didyoumean-1.2.2.tgz. Extracting by manifest.
852 silly tarball no local data for @alloc/quick-lru@https://registry.npmjs.org/@alloc/quick-lru/-/quick-lru-5.2.0.tgz. Extracting by manifest.
853 silly tarball no local data for arg@https://registry.npmjs.org/arg/-/arg-5.0.2.tgz. Extracting by manifest.
854 silly tarball no local data for chokidar@https://registry.npmjs.org/chokidar/-/chokidar-3.6.0.tgz. Extracting by manifest.
855 silly tarball no local data for client-only@https://registry.npmjs.org/client-only/-/client-only-0.0.1.tgz. Extracting by manifest.
856 silly tarball no local data for js-tokens@https://registry.npmjs.org/js-tokens/-/js-tokens-4.0.0.tgz. Extracting by manifest.
857 silly tarball no local data for is-glob@https://registry.npmjs.org/is-glob/-/is-glob-4.0.3.tgz. Extracting by manifest.
858 silly tarball no local data for scheduler@https://registry.npmjs.org/scheduler/-/scheduler-0.23.2.tgz. Extracting by manifest.
859 silly tarball no local data for loose-envify@https://registry.npmjs.org/loose-envify/-/loose-envify-1.4.0.tgz. Extracting by manifest.
860 silly tarball no local data for source-map-js@https://registry.npmjs.org/source-map-js/-/source-map-js-1.2.1.tgz. Extracting by manifest.
861 silly tarball no local data for nanoid@https://registry.npmjs.org/nanoid/-/nanoid-3.3.16.tgz. Extracting by manifest.
862 silly tarball no local data for streamsearch@https://registry.npmjs.org/streamsearch/-/streamsearch-1.1.0.tgz. Extracting by manifest.
863 silly tarball no local data for @swc/counter@https://registry.npmjs.org/@swc/counter/-/counter-0.1.3.tgz. Extracting by manifest.
864 silly tarball no local data for tslib@https://registry.npmjs.org/tslib/-/tslib-2.8.1.tgz. Extracting by manifest.
865 silly tarball no local data for @swc/helpers@https://registry.npmjs.org/@swc/helpers/-/helpers-0.5.5.tgz. Extracting by manifest.
866 silly tarball no local data for styled-jsx@https://registry.npmjs.org/styled-jsx/-/styled-jsx-5.1.1.tgz. Extracting by manifest.
867 silly tarball no local data for busboy@https://registry.npmjs.org/busboy/-/busboy-1.6.0.tgz. Extracting by manifest.
868 silly tarball no local data for graceful-fs@https://registry.npmjs.org/graceful-fs/-/graceful-fs-4.2.11.tgz. Extracting by manifest.
869 silly tarball no local data for @next/swc-win32-x64-msvc@https://registry.npmjs.org/@next/swc-win32-x64-msvc/-/swc-win32-x64-msvc-14.2.33.tgz. Extracting by manifest.
870 silly tarball no local data for @next/env@https://registry.npmjs.org/@next/env/-/env-14.2.35.tgz. Extracting by manifest.
871 silly tarball no local data for update-browserslist-db@https://registry.npmjs.org/update-browserslist-db/-/update-browserslist-db-1.2.3.tgz. Extracting by manifest.
872 silly tarball no local data for node-releases@https://registry.npmjs.org/node-releases/-/node-releases-2.0.51.tgz. Extracting by manifest.
873 silly tarball no local data for electron-to-chromium@https://registry.npmjs.org/electron-to-chromium/-/electron-to-chromium-1.5.393.tgz. Extracting by manifest.
874 silly tarball no local data for postcss-value-parser@https://registry.npmjs.org/postcss-value-parser/-/postcss-value-parser-4.2.0.tgz. Extracting by manifest.
875 silly tarball no local data for baseline-browser-mapping@https://registry.npmjs.org/baseline-browser-mapping/-/baseline-browser-mapping-2.10.43.tgz. Extracting by manifest.
876 silly tarball no local data for picocolors@https://registry.npmjs.org/picocolors/-/picocolors-1.1.1.tgz. Extracting by manifest.
877 silly tarball no local data for fraction.js@https://registry.npmjs.org/fraction.js/-/fraction.js-5.3.4.tgz. Extracting by manifest.
878 silly tarball no local data for @types/prop-types@https://registry.npmjs.org/@types/prop-types/-/prop-types-15.7.15.tgz. Extracting by manifest.
879 silly tarball no local data for caniuse-lite@https://registry.npmjs.org/caniuse-lite/-/caniuse-lite-1.0.30001806.tgz. Extracting by manifest.
880 silly tarball no local data for browserslist@https://registry.npmjs.org/browserslist/-/browserslist-4.28.6.tgz. Extracting by manifest.
881 silly tarball no local data for csstype@https://registry.npmjs.org/csstype/-/csstype-3.2.3.tgz. Extracting by manifest.
882 silly tarball no local data for tailwindcss@https://registry.npmjs.org/tailwindcss/-/tailwindcss-3.4.19.tgz. Extracting by manifest.
883 silly tarball no local data for react-dom@https://registry.npmjs.org/react-dom/-/react-dom-18.3.1.tgz. Extracting by manifest.
884 silly tarball no local data for undici-types@https://registry.npmjs.org/undici-types/-/undici-types-6.21.0.tgz. Extracting by manifest.
885 silly tarball no local data for react@https://registry.npmjs.org/react/-/react-18.3.1.tgz. Extracting by manifest.
886 silly tarball no local data for @types/react-dom@https://registry.npmjs.org/@types/react-dom/-/react-dom-18.3.7.tgz. Extracting by manifest.
887 silly tarball no local data for typescript@https://registry.npmjs.org/typescript/-/typescript-5.9.3.tgz. Extracting by manifest.
888 silly tarball no local data for next@https://registry.npmjs.org/next/-/next-14.2.35.tgz. Extracting by manifest.
889 silly tarball no local data for gsap@https://registry.npmjs.org/gsap/-/gsap-3.15.0.tgz. Extracting by manifest.
890 silly tarball no local data for postcss@https://registry.npmjs.org/postcss/-/postcss-8.5.19.tgz. Extracting by manifest.
891 silly tarball no local data for @types/node@https://registry.npmjs.org/@types/node/-/node-20.19.43.tgz. Extracting by manifest.
892 silly tarball no local data for @types/react@https://registry.npmjs.org/@types/react/-/react-18.3.31.tgz. Extracting by manifest.
893 silly tarball no local data for autoprefixer@https://registry.npmjs.org/autoprefixer/-/autoprefixer-10.5.4.tgz. Extracting by manifest.
894 silly tarball no local data for picomatch@https://registry.npmjs.org/picomatch/-/picomatch-4.0.5.tgz. Extracting by manifest.
895 silly tarball no local data for glob-parent@https://registry.npmjs.org/glob-parent/-/glob-parent-5.1.2.tgz. Extracting by manifest.
896 silly tarball no local data for glob-parent@https://registry.npmjs.org/glob-parent/-/glob-parent-5.1.2.tgz. Extracting by manifest.
897 silly tarball no local data for postcss@https://registry.npmjs.org/postcss/-/postcss-8.4.31.tgz. Extracting by manifest.
898 silly tarball no local data for fdir@https://registry.npmjs.org/fdir/-/fdir-6.5.0.tgz. Extracting by manifest.
899 http fetch GET 200 https://registry.npmjs.org/function-bind/-/function-bind-1.1.2.tgz 1083ms (cache miss)
900 http fetch GET 200 https://registry.npmjs.org/thenify-all/-/thenify-all-1.6.0.tgz 1129ms (cache miss)
901 http fetch GET 200 https://registry.npmjs.org/object-assign/-/object-assign-4.1.1.tgz 1137ms (cache miss)
902 http fetch GET 200 https://registry.npmjs.org/escalade/-/escalade-3.2.0.tgz 1142ms (cache miss)
903 http fetch GET 200 https://registry.npmjs.org/thenify/-/thenify-3.3.1.tgz 1135ms (cache miss)
904 http fetch GET 200 https://registry.npmjs.org/is-number/-/is-number-7.0.0.tgz 1200ms (cache miss)
905 http fetch GET 200 https://registry.npmjs.org/hasown/-/hasown-2.0.4.tgz 1175ms (cache miss)
906 http fetch GET 200 https://registry.npmjs.org/pirates/-/pirates-4.0.7.tgz 1177ms (cache miss)
907 http fetch GET 200 https://registry.npmjs.org/pify/-/pify-2.3.0.tgz 1178ms (cache miss)
908 http fetch GET 200 https://registry.npmjs.org/supports-preserve-symlinks-flag/-/supports-preserve-symlinks-flag-1.0.0.tgz 1184ms (cache miss)
909 http fetch GET 200 https://registry.npmjs.org/es-errors/-/es-errors-1.3.0.tgz 1215ms (cache miss)
910 http fetch GET 200 https://registry.npmjs.org/reusify/-/reusify-1.1.0.tgz 1224ms (cache miss)
911 http fetch GET 200 https://registry.npmjs.org/read-cache/-/read-cache-1.0.0.tgz 1232ms (cache miss)
912 http fetch GET 200 https://registry.npmjs.org/util-deprecate/-/util-deprecate-1.0.2.tgz 1250ms (cache miss)
913 http fetch GET 200 https://registry.npmjs.org/path-parse/-/path-parse-1.0.7.tgz 1248ms (cache miss)
914 http fetch GET 200 https://registry.npmjs.org/camelcase-css/-/camelcase-css-2.0.1.tgz 1251ms (cache miss)
915 http fetch GET 200 https://registry.npmjs.org/cssesc/-/cssesc-3.0.0.tgz 1264ms (cache miss)
916 http fetch GET 200 https://registry.npmjs.org/is-extglob/-/is-extglob-2.1.1.tgz 1285ms (cache miss)
917 http fetch GET 200 https://registry.npmjs.org/binary-extensions/-/binary-extensions-2.3.0.tgz 1320ms (cache miss)
918 http fetch GET 200 https://registry.npmjs.org/@nodelib/fs.scandir/-/fs.scandir-2.1.5.tgz 1384ms (cache miss)
919 http fetch GET 200 https://registry.npmjs.org/fill-range/-/fill-range-7.1.1.tgz 1440ms (cache miss)
920 http fetch GET 200 https://registry.npmjs.org/run-parallel/-/run-parallel-1.2.0.tgz 1558ms (cache miss)
921 http fetch GET 200 https://registry.npmjs.org/merge2/-/merge2-1.4.1.tgz 1662ms (cache miss)
922 http fetch GET 200 https://registry.npmjs.org/queue-microtask/-/queue-microtask-1.2.3.tgz 1741ms (cache miss)
923 http fetch GET 200 https://registry.npmjs.org/lines-and-columns/-/lines-and-columns-1.2.4.tgz 1771ms (cache miss)
924 http fetch GET 200 https://registry.npmjs.org/fastq/-/fastq-1.20.1.tgz 1751ms (cache miss)
925 http fetch GET 200 https://registry.npmjs.org/@nodelib/fs.walk/-/fs.walk-1.2.8.tgz 1736ms (cache miss)
926 http fetch GET 200 https://registry.npmjs.org/is-binary-path/-/is-binary-path-2.1.0.tgz 1851ms (cache miss)
927 http fetch GET 200 https://registry.npmjs.org/tinyglobby/-/tinyglobby-0.2.17.tgz 1990ms (cache miss)
928 http fetch GET 200 https://registry.npmjs.org/braces/-/braces-3.0.3.tgz 2073ms (cache miss)
929 http fetch GET 200 https://registry.npmjs.org/postcss-nested/-/postcss-nested-6.2.0.tgz 2169ms (cache miss)
930 http fetch GET 200 https://registry.npmjs.org/is-core-module/-/is-core-module-2.16.2.tgz 2311ms (cache miss)
931 http fetch GET 200 https://registry.npmjs.org/to-regex-range/-/to-regex-range-5.0.1.tgz 2271ms (cache miss)
932 http fetch GET 200 https://registry.npmjs.org/postcss-js/-/postcss-js-4.1.0.tgz 2342ms (cache miss)
933 http fetch GET 200 https://registry.npmjs.org/didyoumean/-/didyoumean-1.2.2.tgz 2333ms (cache miss)
934 http fetch GET 200 https://registry.npmjs.org/readdirp/-/readdirp-3.6.0.tgz 2375ms (cache miss)
935 http fetch GET 200 https://registry.npmjs.org/normalize-path/-/normalize-path-3.0.0.tgz 2364ms (cache miss)
936 http fetch GET 200 https://registry.npmjs.org/dlv/-/dlv-1.1.3.tgz 2362ms (cache miss)
937 http fetch GET 200 https://registry.npmjs.org/@jridgewell/resolve-uri/-/resolve-uri-3.1.2.tgz 2447ms (cache miss)
938 http fetch GET 200 https://registry.npmjs.org/anymatch/-/anymatch-3.1.3.tgz 2386ms (cache miss)
939 http fetch GET 200 https://registry.npmjs.org/micromatch/-/micromatch-4.0.8.tgz 2381ms (cache miss)
940 http fetch GET 200 https://registry.npmjs.org/postcss-import/-/postcss-import-15.1.0.tgz 2381ms (cache miss)
941 http fetch GET 200 https://registry.npmjs.org/arg/-/arg-5.0.2.tgz 2386ms (cache miss)
942 http fetch GET 200 https://registry.npmjs.org/@alloc/quick-lru/-/quick-lru-5.2.0.tgz 2388ms (cache miss)
943 http fetch GET 200 https://registry.npmjs.org/glob-parent/-/glob-parent-6.0.2.tgz 2405ms (cache miss)
944 http fetch GET 200 https://registry.npmjs.org/client-only/-/client-only-0.0.1.tgz 2412ms (cache miss)
945 http fetch GET 200 https://registry.npmjs.org/is-glob/-/is-glob-4.0.3.tgz 2408ms (cache miss)
946 http fetch GET 200 https://registry.npmjs.org/lilconfig/-/lilconfig-3.1.3.tgz 2451ms (cache miss)
947 http fetch GET 200 https://registry.npmjs.org/loose-envify/-/loose-envify-1.4.0.tgz 2442ms (cache miss)
948 http fetch GET 200 https://registry.npmjs.org/mz/-/mz-2.7.0.tgz 2533ms (cache miss)
949 http fetch GET 200 https://registry.npmjs.org/@swc/counter/-/counter-0.1.3.tgz 2449ms (cache miss)
950 http fetch GET 200 https://registry.npmjs.org/@next/env/-/env-14.2.35.tgz 2442ms (cache miss)
951 http fetch GET 200 https://registry.npmjs.org/update-browserslist-db/-/update-browserslist-db-1.2.3.tgz 2463ms (cache miss)
952 http fetch GET 200 https://registry.npmjs.org/ts-interface-checker/-/ts-interface-checker-0.1.13.tgz 2581ms (cache miss)
953 http fetch GET 200 https://registry.npmjs.org/picocolors/-/picocolors-1.1.1.tgz 2493ms (cache miss)
954 http fetch GET 200 https://registry.npmjs.org/object-hash/-/object-hash-3.0.0.tgz 2559ms (cache miss)
955 http fetch GET 200 https://registry.npmjs.org/commander/-/commander-4.1.1.tgz 2644ms (cache miss)
956 http fetch GET 200 https://registry.npmjs.org/node-releases/-/node-releases-2.0.51.tgz 2554ms (cache miss)
957 http fetch GET 200 https://registry.npmjs.org/js-tokens/-/js-tokens-4.0.0.tgz 2679ms (cache miss)
958 http fetch GET 200 https://registry.npmjs.org/chokidar/-/chokidar-3.6.0.tgz 2851ms (cache miss)
959 http fetch GET 200 https://registry.npmjs.org/streamsearch/-/streamsearch-1.1.0.tgz 2847ms (cache miss)
960 http fetch GET 200 https://registry.npmjs.org/picomatch/-/picomatch-2.3.2.tgz 2906ms (cache miss)
961 http fetch GET 200 https://registry.npmjs.org/postcss-load-config/-/postcss-load-config-6.0.1.tgz 2895ms (cache miss)
962 http fetch GET 200 https://registry.npmjs.org/@types/prop-types/-/prop-types-15.7.15.tgz 2865ms (cache miss)
963 http fetch GET 200 https://registry.npmjs.org/graceful-fs/-/graceful-fs-4.2.11.tgz 2898ms (cache miss)
964 http fetch GET 200 https://registry.npmjs.org/@nodelib/fs.stat/-/fs.stat-2.0.5.tgz 2995ms (cache miss)
965 http fetch GET 200 https://registry.npmjs.org/scheduler/-/scheduler-0.23.2.tgz 3125ms (cache miss)
966 http fetch GET 200 https://registry.npmjs.org/tslib/-/tslib-2.8.1.tgz 3129ms (cache miss)
967 http fetch GET 200 https://registry.npmjs.org/source-map-js/-/source-map-js-1.2.1.tgz 3186ms (cache miss)
968 http fetch GET 200 https://registry.npmjs.org/@jridgewell/sourcemap-codec/-/sourcemap-codec-1.5.5.tgz 3311ms (cache miss)
969 http fetch GET 200 https://registry.npmjs.org/any-promise/-/any-promise-1.3.0.tgz 3348ms (cache miss)
970 http fetch GET 200 https://registry.npmjs.org/nanoid/-/nanoid-3.3.16.tgz 3256ms (cache miss)
971 http fetch GET 200 https://registry.npmjs.org/busboy/-/busboy-1.6.0.tgz 3288ms (cache miss)
972 http fetch GET 200 https://registry.npmjs.org/@jridgewell/gen-mapping/-/gen-mapping-0.3.13.tgz 3383ms (cache miss)
973 http fetch GET 200 https://registry.npmjs.org/baseline-browser-mapping/-/baseline-browser-mapping-2.10.43.tgz 3293ms (cache miss)
974 http fetch GET 200 https://registry.npmjs.org/browserslist/-/browserslist-4.28.6.tgz 3299ms (cache miss)
975 http fetch GET 200 https://registry.npmjs.org/postcss-selector-parser/-/postcss-selector-parser-6.1.4.tgz 3489ms (cache miss)
976 http fetch GET 200 https://registry.npmjs.org/@jridgewell/trace-mapping/-/trace-mapping-0.3.31.tgz 3565ms (cache miss)
977 http fetch GET 200 https://registry.npmjs.org/@types/react-dom/-/react-dom-18.3.7.tgz 3494ms (cache miss)
978 http fetch GET 200 https://registry.npmjs.org/fast-glob/-/fast-glob-3.3.3.tgz 3841ms (cache miss)
979 http fetch GET 200 https://registry.npmjs.org/fraction.js/-/fraction.js-5.3.4.tgz 3982ms (cache miss)
980 http fetch GET 200 https://registry.npmjs.org/resolve/-/resolve-1.22.12.tgz 4478ms (cache miss)
981 http fetch GET 200 https://registry.npmjs.org/jiti/-/jiti-1.21.7.tgz 4473ms (cache miss)
982 http fetch GET 200 https://registry.npmjs.org/electron-to-chromium/-/electron-to-chromium-1.5.393.tgz 4672ms (cache miss)
983 http fetch GET 200 https://registry.npmjs.org/react/-/react-18.3.1.tgz 5538ms (cache miss)
984 http fetch GET 200 https://registry.npmjs.org/csstype/-/csstype-3.2.3.tgz 5652ms (cache miss)
985 http fetch GET 200 https://registry.npmjs.org/@types/react/-/react-18.3.31.tgz 5808ms (cache miss)
986 http fetch GET 200 https://registry.npmjs.org/picomatch/-/picomatch-4.0.5.tgz 5889ms (cache miss)
987 http fetch GET 200 https://registry.npmjs.org/glob-parent/-/glob-parent-5.1.2.tgz 5895ms (cache miss)
988 http fetch GET 200 https://registry.npmjs.org/glob-parent/-/glob-parent-5.1.2.tgz 5906ms (cache miss)
989 http fetch GET 200 https://registry.npmjs.org/styled-jsx/-/styled-jsx-5.1.1.tgz 5981ms (cache miss)
990 http fetch GET 200 https://registry.npmjs.org/sucrase/-/sucrase-3.35.1.tgz 6230ms (cache miss)
991 http fetch GET 200 https://registry.npmjs.org/undici-types/-/undici-types-6.21.0.tgz 6228ms (cache miss)
992 http fetch GET 200 https://registry.npmjs.org/fdir/-/fdir-6.5.0.tgz 6296ms (cache miss)
993 http fetch GET 200 https://registry.npmjs.org/postcss-value-parser/-/postcss-value-parser-4.2.0.tgz 6956ms (cache miss)
994 http fetch GET 200 https://registry.npmjs.org/postcss/-/postcss-8.4.31.tgz 7116ms (cache miss)
995 http fetch GET 200 https://registry.npmjs.org/postcss/-/postcss-8.5.19.tgz 7290ms (cache miss)
996 http fetch GET 200 https://registry.npmjs.org/autoprefixer/-/autoprefixer-10.5.4.tgz 7452ms (cache miss)
997 http fetch GET 200 https://registry.npmjs.org/@types/node/-/node-20.19.43.tgz 8226ms (cache miss)
998 http fetch GET 200 https://registry.npmjs.org/@swc/helpers/-/helpers-0.5.5.tgz 9329ms (cache miss)
999 http fetch GET 200 https://registry.npmjs.org/tailwindcss/-/tailwindcss-3.4.19.tgz 12006ms (cache miss)
1000 http fetch GET 200 https://registry.npmjs.org/gsap/-/gsap-3.15.0.tgz 12172ms (cache miss)
1001 http fetch GET 200 https://registry.npmjs.org/caniuse-lite/-/caniuse-lite-1.0.30001806.tgz 12522ms (cache miss)
1002 http fetch GET 200 https://registry.npmjs.org/react-dom/-/react-dom-18.3.1.tgz 17002ms (cache miss)
1003 http fetch GET 200 https://registry.npmjs.org/typescript/-/typescript-5.9.3.tgz 23812ms (cache miss)
1004 http fetch GET 200 https://registry.npmjs.org/next/-/next-14.2.35.tgz 61841ms (cache miss)
1005 http fetch GET 200 https://registry.npmjs.org/@next/swc-win32-x64-msvc/-/swc-win32-x64-msvc-14.2.33.tgz 103180ms (cache miss)
1006 silly ADD node_modules/escalade
1007 silly ADD node_modules/is-number
1008 silly ADD node_modules/thenify
1009 silly ADD node_modules/thenify-all
1010 silly ADD node_modules/object-assign
1011 silly ADD node_modules/any-promise
1012 silly ADD node_modules/@jridgewell/resolve-uri
1013 silly ADD node_modules/@jridgewell/trace-mapping
1014 silly ADD node_modules/@jridgewell/sourcemap-codec
1015 silly ADD node_modules/ts-interface-checker
1016 silly ADD node_modules/tinyglobby
1017 silly ADD node_modules/tinyglobby/node_modules/picomatch
1018 silly ADD node_modules/tinyglobby/node_modules/fdir
1019 silly ADD node_modules/pirates
1020 silly ADD node_modules/mz
1021 silly ADD node_modules/lines-and-columns
1022 silly ADD node_modules/commander
1023 silly ADD node_modules/@jridgewell/gen-mapping
1024 silly ADD node_modules/queue-microtask
1025 silly ADD node_modules/function-bind
1026 silly ADD node_modules/hasown
1027 silly ADD node_modules/supports-preserve-symlinks-flag
1028 silly ADD node_modules/path-parse
1029 silly ADD node_modules/is-core-module
1030 silly ADD node_modules/es-errors
1031 silly ADD node_modules/pify
1032 silly ADD node_modules/util-deprecate
1033 silly ADD node_modules/cssesc
1034 silly ADD node_modules/camelcase-css
1035 silly ADD node_modules/read-cache
1036 silly ADD node_modules/is-extglob
1037 silly ADD node_modules/binary-extensions
1038 silly ADD node_modules/to-regex-range
1039 silly ADD node_modules/reusify
1040 silly ADD node_modules/run-parallel
1041 silly ADD node_modules/fastq
1042 silly ADD node_modules/@nodelib/fs.scandir
1043 silly ADD node_modules/merge2
1044 silly ADD node_modules/@nodelib/fs.walk
1045 silly ADD node_modules/@nodelib/fs.stat
1046 silly ADD node_modules/fill-range
1047 silly ADD node_modules/picomatch
1048 silly ADD node_modules/readdirp
1049 silly ADD node_modules/is-binary-path
1050 silly ADD
1051 silly ADD node_modules/braces
1052 silly ADD node_modules/anymatch
1053 silly ADD node_modules/sucrase
1054 silly ADD node_modules/resolve
1055 silly ADD node_modules/postcss-selector-parser
1056 silly ADD node_modules/postcss-nested
1057 silly ADD node_modules/postcss-load-config
1058 silly ADD node_modules/postcss-js
1059 silly ADD node_modules/postcss-import
1060 silly ADD node_modules/object-hash
1061 silly ADD node_modules/normalize-path
1062 silly ADD node_modules/micromatch
1063 silly ADD node_modules/lilconfig
1064 silly ADD node_modules/jiti
1065 silly ADD node_modules/is-glob
1066 silly ADD node_modules/glob-parent
1067 silly ADD node_modules/fast-glob
1068 silly ADD node_modules/fast-glob/node_modules/glob-parent
1069 silly ADD node_modules/dlv
1070 silly ADD node_modules/didyoumean
1071 silly ADD node_modules/chokidar
1072 silly ADD node_modules/chokidar/node_modules/glob-parent
1073 silly ADD node_modules/arg
1074 silly ADD node_modules/@alloc/quick-lru
1075 silly ADD node_modules/client-only
1076 silly ADD node_modules/scheduler
1077 silly ADD node_modules/js-tokens
1078 silly ADD node_modules/loose-envify
1079 silly ADD node_modules/source-map-js
1080 silly ADD node_modules/nanoid
1081 silly ADD node_modules/streamsearch
1082 silly ADD node_modules/tslib
1083 silly ADD node_modules/@swc/counter
1084 silly ADD node_modules/styled-jsx
1085 silly ADD node_modules/graceful-fs
1086 silly ADD node_modules/busboy
1087 silly ADD node_modules/@swc/helpers
1088 silly ADD node_modules/@next/swc-win32-x64-msvc
1089 silly ADD
1090 silly ADD
1091 silly ADD
1092 silly ADD
1093 silly ADD
1094 silly ADD
1095 silly ADD
1096 silly ADD
1097 silly ADD node_modules/@next/env
1098 silly ADD node_modules/update-browserslist-db
1099 silly ADD node_modules/node-releases
1100 silly ADD node_modules/electron-to-chromium
1101 silly ADD node_modules/baseline-browser-mapping
1102 silly ADD node_modules/postcss-value-parser
1103 silly ADD node_modules/picocolors
1104 silly ADD node_modules/fraction.js
1105 silly ADD node_modules/caniuse-lite
1106 silly ADD node_modules/browserslist
1107 silly ADD node_modules/csstype
1108 silly ADD node_modules/@types/prop-types
1109 silly ADD node_modules/undici-types
1110 silly ADD node_modules/typescript
1111 silly ADD node_modules/tailwindcss
1112 silly ADD node_modules/react-dom
1113 silly ADD node_modules/react
1114 silly ADD node_modules/next
1115 silly ADD node_modules/next/node_modules/postcss
1116 silly ADD node_modules/gsap
1117 silly ADD node_modules/postcss
1118 silly ADD node_modules/autoprefixer
1119 silly ADD node_modules/@types/react-dom
1120 silly ADD node_modules/@types/react
1121 silly ADD node_modules/@types/node
1122 verbose cwd D:\Work\WEBSITE\gsp
1123 verbose os Windows_NT 10.0.26200
1124 verbose node v22.20.0
1125 verbose npm  v10.9.3
1126 notice
1126 notice New major version of npm available! 10.9.3 -> 12.0.1
1126 notice Changelog: https://github.com/npm/cli/releases/tag/v12.0.1
1126 notice To update run: npm install -g npm@12.0.1
1126 notice  { force: true, [Symbol(proc-log.meta)]: true }
1127 verbose exit 0
1128 info ok
